The system is: Linux - 4.17.3-1-ARCH - x86_64
Compiling the C compiler identification source file "CMakeCCompilerId.c" succeeded.
Compiler: /usr/bin/cc 
Build flags: 
Id flags:  

The output was:
0


Compilation of the C compiler identification source "CMakeCCompilerId.c" produced "a.out"

The C compiler identification is GNU, found in "/home/william/Documents/Dev/digitclassifier/build/CMakeFiles/3.11.4/CompilerIdC/a.out"

Compiling the CXX compiler identification source file "CMakeCXXCompilerId.cpp" succeeded.
Compiler: /usr/bin/c++ 
Build flags: 
Id flags:  

The output was:
0


Compilation of the CXX compiler identification source "CMakeCXXCompilerId.cpp" produced "a.out"

The CXX compiler identification is GNU, found in "/home/william/Documents/Dev/digitclassifier/build/CMakeFiles/3.11.4/CompilerIdCXX/a.out"

Determining if the C compiler works passed with the following output:
Change Dir: /home/william/Documents/Dev/digitclassifier/build/CMakeFiles/CMakeTmp

Run Build Command:"/usr/bin/make" "cmTC_294a5/fast"
/usr/bin/make -f CMakeFiles/cmTC_294a5.dir/build.make CMakeFiles/cmTC_294a5.dir/build
make[1]: Entering directory '/home/william/Documents/Dev/digitclassifier/build/CMakeFiles/CMakeTmp'
Building C object CMakeFiles/cmTC_294a5.dir/testCCompiler.c.o
/usr/bin/cc    -o CMakeFiles/cmTC_294a5.dir/testCCompiler.c.o   -c /home/william/Documents/Dev/digitclassifier/build/CMakeFiles/CMakeTmp/testCCompiler.c
Linking C executable cmTC_294a5
/usr/bin/cmake -E cmake_link_script CMakeFiles/cmTC_294a5.dir/link.txt --verbose=1
/usr/bin/cc      -rdynamic CMakeFiles/cmTC_294a5.dir/testCCompiler.c.o  -o cmTC_294a5 
make[1]: Leaving directory '/home/william/Documents/Dev/digitclassifier/build/CMakeFiles/CMakeTmp'


Detecting C compiler ABI info compiled with the following output:
Change Dir: /home/william/Documents/Dev/digitclassifier/build/CMakeFiles/CMakeTmp

Run Build Command:"/usr/bin/make" "cmTC_0a55f/fast"
/usr/bin/make -f CMakeFiles/cmTC_0a55f.dir/build.make CMakeFiles/cmTC_0a55f.dir/build
make[1]: Entering directory '/home/william/Documents/Dev/digitclassifier/build/CMakeFiles/CMakeTmp'
Building C object CMakeFiles/cmTC_0a55f.dir/CMakeCCompilerABI.c.o
/usr/bin/cc    -o CMakeFiles/cmTC_0a55f.dir/CMakeCCompilerABI.c.o   -c /usr/share/cmake-3.11/Modules/CMakeCCompilerABI.c
Linking C executable cmTC_0a55f
/usr/bin/cmake -E cmake_link_script CMakeFiles/cmTC_0a55f.dir/link.txt --verbose=1
/usr/bin/cc     -v -rdynamic CMakeFiles/cmTC_0a55f.dir/CMakeCCompilerABI.c.o  -o cmTC_0a55f 
Using built-in specs.
COLLECT_GCC=/usr/bin/cc
COLLECT_LTO_WRAPPER=/usr/lib/gcc/x86_64-pc-linux-gnu/8.1.1/lto-wrapper
Target: x86_64-pc-linux-gnu
Configured with: /build/gcc/src/gcc/configure --prefix=/usr --libdir=/usr/lib --libexecdir=/usr/lib --mandir=/usr/share/man --infodir=/usr/share/info --with-bugurl=https://bugs.archlinux.org/ --enable-languages=c,c++,ada,fortran,go,lto,objc,obj-c++ --enable-shared --enable-threads=posix --enable-libmpx --with-system-zlib --with-isl --enable-__cxa_atexit --disable-libunwind-exceptions --enable-clocale=gnu --disable-libstdcxx-pch --disable-libssp --enable-gnu-unique-object --enable-linker-build-id --enable-lto --enable-plugin --enable-install-libiberty --with-linker-hash-style=gnu --enable-gnu-indirect-function --enable-multilib --disable-werror --enable-checking=release --enable-default-pie --enable-default-ssp
Thread model: posix
gcc version 8.1.1 20180531 (GCC) 
COMPILER_PATH=/usr/lib/gcc/x86_64-pc-linux-gnu/8.1.1/:/usr/lib/gcc/x86_64-pc-linux-gnu/8.1.1/:/usr/lib/gcc/x86_64-pc-linux-gnu/:/usr/lib/gcc/x86_64-pc-linux-gnu/8.1.1/:/usr/lib/gcc/x86_64-pc-linux-gnu/
LIBRARY_PATH=/usr/lib/gcc/x86_64-pc-linux-gnu/8.1.1/:/usr/lib/gcc/x86_64-pc-linux-gnu/8.1.1/../../../../lib/:/lib/../lib/:/usr/lib/../lib/:/usr/lib/gcc/x86_64-pc-linux-gnu/8.1.1/../../../:/lib/:/usr/lib/
COLLECT_GCC_OPTIONS='-v' '-rdynamic' '-o' 'cmTC_0a55f' '-mtune=generic' '-march=x86-64'
 /usr/lib/gcc/x86_64-pc-linux-gnu/8.1.1/collect2 -plugin /usr/lib/gcc/x86_64-pc-linux-gnu/8.1.1/liblto_plugin.so -plugin-opt=/usr/lib/gcc/x86_64-pc-linux-gnu/8.1.1/lto-wrapper -plugin-opt=-fresolution=/tmp/cc1QstLO.res -plugin-opt=-pass-through=-lgcc -plugin-opt=-pass-through=-lgcc_s -plugin-opt=-pass-through=-lc -plugin-opt=-pass-through=-lgcc -plugin-opt=-pass-through=-lgcc_s --build-id --eh-frame-hdr --hash-style=gnu -m elf_x86_64 -export-dynamic -dynamic-linker /lib64/ld-linux-x86-64.so.2 -pie -o cmTC_0a55f /usr/lib/gcc/x86_64-pc-linux-gnu/8.1.1/../../../../lib/Scrt1.o /usr/lib/gcc/x86_64-pc-linux-gnu/8.1.1/../../../../lib/crti.o /usr/lib/gcc/x86_64-pc-linux-gnu/8.1.1/crtbeginS.o -L/usr/lib/gcc/x86_64-pc-linux-gnu/8.1.1 -L/usr/lib/gcc/x86_64-pc-linux-gnu/8.1.1/../../../../lib -L/lib/../lib -L/usr/lib/../lib -L/usr/lib/gcc/x86_64-pc-linux-gnu/8.1.1/../../.. CMakeFiles/cmTC_0a55f.dir/CMakeCCompilerABI.c.o -lgcc --as-needed -lgcc_s --no-as-needed -lc -lgcc --as-needed -lgcc_s --no-as-needed /usr/lib/gcc/x86_64-pc-linux-gnu/8.1.1/crtendS.o /usr/lib/gcc/x86_64-pc-linux-gnu/8.1.1/../../../../lib/crtn.o
COLLECT_GCC_OPTIONS='-v' '-rdynamic' '-o' 'cmTC_0a55f' '-mtune=generic' '-march=x86-64'
make[1]: Leaving directory '/home/william/Documents/Dev/digitclassifier/build/CMakeFiles/CMakeTmp'


Parsed C implicit link information from above output:
  link line regex: [^( *|.*[/\])(ld|CMAKE_LINK_STARTFILE-NOTFOUND|([^/\]+-)?ld|collect2)[^/\]*( |$)]
  ignore line: [Change Dir: /home/william/Documents/Dev/digitclassifier/build/CMakeFiles/CMakeTmp]
  ignore line: []
  ignore line: [Run Build Command:"/usr/bin/make" "cmTC_0a55f/fast"]
  ignore line: [/usr/bin/make -f CMakeFiles/cmTC_0a55f.dir/build.make CMakeFiles/cmTC_0a55f.dir/build]
  ignore line: [make[1]: Entering directory '/home/william/Documents/Dev/digitclassifier/build/CMakeFiles/CMakeTmp']
  ignore line: [Building C object CMakeFiles/cmTC_0a55f.dir/CMakeCCompilerABI.c.o]
  ignore line: [/usr/bin/cc    -o CMakeFiles/cmTC_0a55f.dir/CMakeCCompilerABI.c.o   -c /usr/share/cmake-3.11/Modules/CMakeCCompilerABI.c]
  ignore line: [Linking C executable cmTC_0a55f]
  ignore line: [/usr/bin/cmake -E cmake_link_script CMakeFiles/cmTC_0a55f.dir/link.txt --verbose=1]
  ignore line: [/usr/bin/cc     -v -rdynamic CMakeFiles/cmTC_0a55f.dir/CMakeCCompilerABI.c.o  -o cmTC_0a55f ]
  ignore line: [Using built-in specs.]
  ignore line: [COLLECT_GCC=/usr/bin/cc]
  ignore line: [COLLECT_LTO_WRAPPER=/usr/lib/gcc/x86_64-pc-linux-gnu/8.1.1/lto-wrapper]
  ignore line: [Target: x86_64-pc-linux-gnu]
  ignore line: [Configured with: /build/gcc/src/gcc/configure --prefix=/usr --libdir=/usr/lib --libexecdir=/usr/lib --mandir=/usr/share/man --infodir=/usr/share/info --with-bugurl=https://bugs.archlinux.org/ --enable-languages=c,c++,ada,fortran,go,lto,objc,obj-c++ --enable-shared --enable-threads=posix --enable-libmpx --with-system-zlib --with-isl --enable-__cxa_atexit --disable-libunwind-exceptions --enable-clocale=gnu --disable-libstdcxx-pch --disable-libssp --enable-gnu-unique-object --enable-linker-build-id --enable-lto --enable-plugin --enable-install-libiberty --with-linker-hash-style=gnu --enable-gnu-indirect-function --enable-multilib --disable-werror --enable-checking=release --enable-default-pie --enable-default-ssp]
  ignore line: [Thread model: posix]
  ignore line: [gcc version 8.1.1 20180531 (GCC) ]
  ignore line: [COMPILER_PATH=/usr/lib/gcc/x86_64-pc-linux-gnu/8.1.1/:/usr/lib/gcc/x86_64-pc-linux-gnu/8.1.1/:/usr/lib/gcc/x86_64-pc-linux-gnu/:/usr/lib/gcc/x86_64-pc-linux-gnu/8.1.1/:/usr/lib/gcc/x86_64-pc-linux-gnu/]
  ignore line: [LIBRARY_PATH=/usr/lib/gcc/x86_64-pc-linux-gnu/8.1.1/:/usr/lib/gcc/x86_64-pc-linux-gnu/8.1.1/../../../../lib/:/lib/../lib/:/usr/lib/../lib/:/usr/lib/gcc/x86_64-pc-linux-gnu/8.1.1/../../../:/lib/:/usr/lib/]
  ignore line: [COLLECT_GCC_OPTIONS='-v' '-rdynamic' '-o' 'cmTC_0a55f' '-mtune=generic' '-march=x86-64']
  link line: [ /usr/lib/gcc/x86_64-pc-linux-gnu/8.1.1/collect2 -plugin /usr/lib/gcc/x86_64-pc-linux-gnu/8.1.1/liblto_plugin.so -plugin-opt=/usr/lib/gcc/x86_64-pc-linux-gnu/8.1.1/lto-wrapper -plugin-opt=-fresolution=/tmp/cc1QstLO.res -plugin-opt=-pass-through=-lgcc -plugin-opt=-pass-through=-lgcc_s -plugin-opt=-pass-through=-lc -plugin-opt=-pass-through=-lgcc -plugin-opt=-pass-through=-lgcc_s --build-id --eh-frame-hdr --hash-style=gnu -m elf_x86_64 -export-dynamic -dynamic-linker /lib64/ld-linux-x86-64.so.2 -pie -o cmTC_0a55f /usr/lib/gcc/x86_64-pc-linux-gnu/8.1.1/../../../../lib/Scrt1.o /usr/lib/gcc/x86_64-pc-linux-gnu/8.1.1/../../../../lib/crti.o /usr/lib/gcc/x86_64-pc-linux-gnu/8.1.1/crtbeginS.o -L/usr/lib/gcc/x86_64-pc-linux-gnu/8.1.1 -L/usr/lib/gcc/x86_64-pc-linux-gnu/8.1.1/../../../../lib -L/lib/../lib -L/usr/lib/../lib -L/usr/lib/gcc/x86_64-pc-linux-gnu/8.1.1/../../.. CMakeFiles/cmTC_0a55f.dir/CMakeCCompilerABI.c.o -lgcc --as-needed -lgcc_s --no-as-needed -lc -lgcc --as-needed -lgcc_s --no-as-needed /usr/lib/gcc/x86_64-pc-linux-gnu/8.1.1/crtendS.o /usr/lib/gcc/x86_64-pc-linux-gnu/8.1.1/../../../../lib/crtn.o]
    arg [/usr/lib/gcc/x86_64-pc-linux-gnu/8.1.1/collect2] ==> ignore
    arg [-plugin] ==> ignore
    arg [/usr/lib/gcc/x86_64-pc-linux-gnu/8.1.1/liblto_plugin.so] ==> ignore
    arg [-plugin-opt=/usr/lib/gcc/x86_64-pc-linux-gnu/8.1.1/lto-wrapper] ==> ignore
    arg [-plugin-opt=-fresolution=/tmp/cc1QstLO.res] ==> ignore
    arg [-plugin-opt=-pass-through=-lgcc] ==> ignore
    arg [-plugin-opt=-pass-through=-lgcc_s] ==> ignore
    arg [-plugin-opt=-pass-through=-lc] ==> ignore
    arg [-plugin-opt=-pass-through=-lgcc] ==> ignore
    arg [-plugin-opt=-pass-through=-lgcc_s] ==> ignore
    arg [--build-id] ==> ignore
    arg [--eh-frame-hdr] ==> ignore
    arg [--hash-style=gnu] ==> ignore
    arg [-m] ==> ignore
    arg [elf_x86_64] ==> ignore
    arg [-export-dynamic] ==> ignore
    arg [-dynamic-linker] ==> ignore
    arg [/lib64/ld-linux-x86-64.so.2] ==> ignore
    arg [-pie] ==> ignore
    arg [-o] ==> ignore
    arg [cmTC_0a55f] ==> ignore
    arg [/usr/lib/gcc/x86_64-pc-linux-gnu/8.1.1/../../../../lib/Scrt1.o] ==> ignore
    arg [/usr/lib/gcc/x86_64-pc-linux-gnu/8.1.1/../../../../lib/crti.o] ==> ignore
    arg [/usr/lib/gcc/x86_64-pc-linux-gnu/8.1.1/crtbeginS.o] ==> ignore
    arg [-L/usr/lib/gcc/x86_64-pc-linux-gnu/8.1.1] ==> dir [/usr/lib/gcc/x86_64-pc-linux-gnu/8.1.1]
    arg [-L/usr/lib/gcc/x86_64-pc-linux-gnu/8.1.1/../../../../lib] ==> dir [/usr/lib/gcc/x86_64-pc-linux-gnu/8.1.1/../../../../lib]
    arg [-L/lib/../lib] ==> dir [/lib/../lib]
    arg [-L/usr/lib/../lib] ==> dir [/usr/lib/../lib]
    arg [-L/usr/lib/gcc/x86_64-pc-linux-gnu/8.1.1/../../..] ==> dir [/usr/lib/gcc/x86_64-pc-linux-gnu/8.1.1/../../..]
    arg [CMakeFiles/cmTC_0a55f.dir/CMakeCCompilerABI.c.o] ==> ignore
    arg [-lgcc] ==> lib [gcc]
    arg [--as-needed] ==> ignore
    arg [-lgcc_s] ==> lib [gcc_s]
    arg [--no-as-needed] ==> ignore
    arg [-lc] ==> lib [c]
    arg [-lgcc] ==> lib [gcc]
    arg [--as-needed] ==> ignore
    arg [-lgcc_s] ==> lib [gcc_s]
    arg [--no-as-needed] ==> ignore
    arg [/usr/lib/gcc/x86_64-pc-linux-gnu/8.1.1/crtendS.o] ==> ignore
    arg [/usr/lib/gcc/x86_64-pc-linux-gnu/8.1.1/../../../../lib/crtn.o] ==> ignore
  collapse library dir [/usr/lib/gcc/x86_64-pc-linux-gnu/8.1.1] ==> [/usr/lib/gcc/x86_64-pc-linux-gnu/8.1.1]
  collapse library dir [/usr/lib/gcc/x86_64-pc-linux-gnu/8.1.1/../../../../lib] ==> [/usr/lib]
  collapse library dir [/lib/../lib] ==> [/lib]
  collapse library dir [/usr/lib/../lib] ==> [/usr/lib]
  collapse library dir [/usr/lib/gcc/x86_64-pc-linux-gnu/8.1.1/../../..] ==> [/usr/lib]
  implicit libs: [gcc;gcc_s;c;gcc;gcc_s]
  implicit dirs: [/usr/lib/gcc/x86_64-pc-linux-gnu/8.1.1;/usr/lib;/lib]
  implicit fwks: []




Detecting C [-std=c11] compiler features compiled with the following output:
Change Dir: /home/william/Documents/Dev/digitclassifier/build/CMakeFiles/CMakeTmp

Run Build Command:"/usr/bin/make" "cmTC_7a858/fast"
/usr/bin/make -f CMakeFiles/cmTC_7a858.dir/build.make CMakeFiles/cmTC_7a858.dir/build
make[1]: Entering directory '/home/william/Documents/Dev/digitclassifier/build/CMakeFiles/CMakeTmp'
Building C object CMakeFiles/cmTC_7a858.dir/feature_tests.c.o
/usr/bin/cc   -std=c11 -o CMakeFiles/cmTC_7a858.dir/feature_tests.c.o   -c /home/william/Documents/Dev/digitclassifier/build/CMakeFiles/feature_tests.c
Linking C executable cmTC_7a858
/usr/bin/cmake -E cmake_link_script CMakeFiles/cmTC_7a858.dir/link.txt --verbose=1
/usr/bin/cc      -rdynamic CMakeFiles/cmTC_7a858.dir/feature_tests.c.o  -o cmTC_7a858 
make[1]: Leaving directory '/home/william/Documents/Dev/digitclassifier/build/CMakeFiles/CMakeTmp'


    Feature record: C_FEATURE:1c_function_prototypes
    Feature record: C_FEATURE:1c_restrict
    Feature record: C_FEATURE:1c_static_assert
    Feature record: C_FEATURE:1c_variadic_macros


Detecting C [-std=c99] compiler features compiled with the following output:
Change Dir: /home/william/Documents/Dev/digitclassifier/build/CMakeFiles/CMakeTmp

Run Build Command:"/usr/bin/make" "cmTC_112a8/fast"
/usr/bin/make -f CMakeFiles/cmTC_112a8.dir/build.make CMakeFiles/cmTC_112a8.dir/build
make[1]: Entering directory '/home/william/Documents/Dev/digitclassifier/build/CMakeFiles/CMakeTmp'
Building C object CMakeFiles/cmTC_112a8.dir/feature_tests.c.o
/usr/bin/cc   -std=c99 -o CMakeFiles/cmTC_112a8.dir/feature_tests.c.o   -c /home/william/Documents/Dev/digitclassifier/build/CMakeFiles/feature_tests.c
Linking C executable cmTC_112a8
/usr/bin/cmake -E cmake_link_script CMakeFiles/cmTC_112a8.dir/link.txt --verbose=1
/usr/bin/cc      -rdynamic CMakeFiles/cmTC_112a8.dir/feature_tests.c.o  -o cmTC_112a8 
make[1]: Leaving directory '/home/william/Documents/Dev/digitclassifier/build/CMakeFiles/CMakeTmp'


    Feature record: C_FEATURE:1c_function_prototypes
    Feature record: C_FEATURE:1c_restrict
    Feature record: C_FEATURE:0c_static_assert
    Feature record: C_FEATURE:1c_variadic_macros


Detecting C [-std=c90] compiler features compiled with the following output:
Change Dir: /home/william/Documents/Dev/digitclassifier/build/CMakeFiles/CMakeTmp

Run Build Command:"/usr/bin/make" "cmTC_f2c72/fast"
/usr/bin/make -f CMakeFiles/cmTC_f2c72.dir/build.make CMakeFiles/cmTC_f2c72.dir/build
make[1]: Entering directory '/home/william/Documents/Dev/digitclassifier/build/CMakeFiles/CMakeTmp'
Building C object CMakeFiles/cmTC_f2c72.dir/feature_tests.c.o
/usr/bin/cc   -std=c90 -o CMakeFiles/cmTC_f2c72.dir/feature_tests.c.o   -c /home/william/Documents/Dev/digitclassifier/build/CMakeFiles/feature_tests.c
Linking C executable cmTC_f2c72
/usr/bin/cmake -E cmake_link_script CMakeFiles/cmTC_f2c72.dir/link.txt --verbose=1
/usr/bin/cc      -rdynamic CMakeFiles/cmTC_f2c72.dir/feature_tests.c.o  -o cmTC_f2c72 
make[1]: Leaving directory '/home/william/Documents/Dev/digitclassifier/build/CMakeFiles/CMakeTmp'


    Feature record: C_FEATURE:1c_function_prototypes
    Feature record: C_FEATURE:0c_restrict
    Feature record: C_FEATURE:0c_static_assert
    Feature record: C_FEATURE:0c_variadic_macros
Determining if the CXX compiler works passed with the following output:
Change Dir: /home/william/Documents/Dev/digitclassifier/build/CMakeFiles/CMakeTmp

Run Build Command:"/usr/bin/make" "cmTC_14309/fast"
/usr/bin/make -f CMakeFiles/cmTC_14309.dir/build.make CMakeFiles/cmTC_14309.dir/build
make[1]: Entering directory '/home/william/Documents/Dev/digitclassifier/build/CMakeFiles/CMakeTmp'
Building CXX object CMakeFiles/cmTC_14309.dir/testCXXCompiler.cxx.o
/usr/bin/c++     -o CMakeFiles/cmTC_14309.dir/testCXXCompiler.cxx.o -c /home/william/Documents/Dev/digitclassifier/build/CMakeFiles/CMakeTmp/testCXXCompiler.cxx
Linking CXX executable cmTC_14309
/usr/bin/cmake -E cmake_link_script CMakeFiles/cmTC_14309.dir/link.txt --verbose=1
/usr/bin/c++       -rdynamic CMakeFiles/cmTC_14309.dir/testCXXCompiler.cxx.o  -o cmTC_14309 
make[1]: Leaving directory '/home/william/Documents/Dev/digitclassifier/build/CMakeFiles/CMakeTmp'


Detecting CXX compiler ABI info compiled with the following output:
Change Dir: /home/william/Documents/Dev/digitclassifier/build/CMakeFiles/CMakeTmp

Run Build Command:"/usr/bin/make" "cmTC_b485f/fast"
/usr/bin/make -f CMakeFiles/cmTC_b485f.dir/build.make CMakeFiles/cmTC_b485f.dir/build
make[1]: Entering directory '/home/william/Documents/Dev/digitclassifier/build/CMakeFiles/CMakeTmp'
Building CXX object CMakeFiles/cmTC_b485f.dir/CMakeCXXCompilerABI.cpp.o
/usr/bin/c++     -o CMakeFiles/cmTC_b485f.dir/CMakeCXXCompilerABI.cpp.o -c /usr/share/cmake-3.11/Modules/CMakeCXXCompilerABI.cpp
Linking CXX executable cmTC_b485f
/usr/bin/cmake -E cmake_link_script CMakeFiles/cmTC_b485f.dir/link.txt --verbose=1
/usr/bin/c++      -v -rdynamic CMakeFiles/cmTC_b485f.dir/CMakeCXXCompilerABI.cpp.o  -o cmTC_b485f 
Using built-in specs.
COLLECT_GCC=/usr/bin/c++
COLLECT_LTO_WRAPPER=/usr/lib/gcc/x86_64-pc-linux-gnu/8.1.1/lto-wrapper
Target: x86_64-pc-linux-gnu
Configured with: /build/gcc/src/gcc/configure --prefix=/usr --libdir=/usr/lib --libexecdir=/usr/lib --mandir=/usr/share/man --infodir=/usr/share/info --with-bugurl=https://bugs.archlinux.org/ --enable-languages=c,c++,ada,fortran,go,lto,objc,obj-c++ --enable-shared --enable-threads=posix --enable-libmpx --with-system-zlib --with-isl --enable-__cxa_atexit --disable-libunwind-exceptions --enable-clocale=gnu --disable-libstdcxx-pch --disable-libssp --enable-gnu-unique-object --enable-linker-build-id --enable-lto --enable-plugin --enable-install-libiberty --with-linker-hash-style=gnu --enable-gnu-indirect-function --enable-multilib --disable-werror --enable-checking=release --enable-default-pie --enable-default-ssp
Thread model: posix
gcc version 8.1.1 20180531 (GCC) 
COMPILER_PATH=/usr/lib/gcc/x86_64-pc-linux-gnu/8.1.1/:/usr/lib/gcc/x86_64-pc-linux-gnu/8.1.1/:/usr/lib/gcc/x86_64-pc-linux-gnu/:/usr/lib/gcc/x86_64-pc-linux-gnu/8.1.1/:/usr/lib/gcc/x86_64-pc-linux-gnu/
LIBRARY_PATH=/usr/lib/gcc/x86_64-pc-linux-gnu/8.1.1/:/usr/lib/gcc/x86_64-pc-linux-gnu/8.1.1/../../../../lib/:/lib/../lib/:/usr/lib/../lib/:/usr/lib/gcc/x86_64-pc-linux-gnu/8.1.1/../../../:/lib/:/usr/lib/
COLLECT_GCC_OPTIONS='-v' '-rdynamic' '-o' 'cmTC_b485f' '-shared-libgcc' '-mtune=generic' '-march=x86-64'
 /usr/lib/gcc/x86_64-pc-linux-gnu/8.1.1/collect2 -plugin /usr/lib/gcc/x86_64-pc-linux-gnu/8.1.1/liblto_plugin.so -plugin-opt=/usr/lib/gcc/x86_64-pc-linux-gnu/8.1.1/lto-wrapper -plugin-opt=-fresolution=/tmp/ccn6mP0c.res -plugin-opt=-pass-through=-lgcc_s -plugin-opt=-pass-through=-lgcc -plugin-opt=-pass-through=-lc -plugin-opt=-pass-through=-lgcc_s -plugin-opt=-pass-through=-lgcc --build-id --eh-frame-hdr --hash-style=gnu -m elf_x86_64 -export-dynamic -dynamic-linker /lib64/ld-linux-x86-64.so.2 -pie -o cmTC_b485f /usr/lib/gcc/x86_64-pc-linux-gnu/8.1.1/../../../../lib/Scrt1.o /usr/lib/gcc/x86_64-pc-linux-gnu/8.1.1/../../../../lib/crti.o /usr/lib/gcc/x86_64-pc-linux-gnu/8.1.1/crtbeginS.o -L/usr/lib/gcc/x86_64-pc-linux-gnu/8.1.1 -L/usr/lib/gcc/x86_64-pc-linux-gnu/8.1.1/../../../../lib -L/lib/../lib -L/usr/lib/../lib -L/usr/lib/gcc/x86_64-pc-linux-gnu/8.1.1/../../.. CMakeFiles/cmTC_b485f.dir/CMakeCXXCompilerABI.cpp.o -lstdc++ -lm -lgcc_s -lgcc -lc -lgcc_s -lgcc /usr/lib/gcc/x86_64-pc-linux-gnu/8.1.1/crtendS.o /usr/lib/gcc/x86_64-pc-linux-gnu/8.1.1/../../../../lib/crtn.o
COLLECT_GCC_OPTIONS='-v' '-rdynamic' '-o' 'cmTC_b485f' '-shared-libgcc' '-mtune=generic' '-march=x86-64'
make[1]: Leaving directory '/home/william/Documents/Dev/digitclassifier/build/CMakeFiles/CMakeTmp'


Parsed CXX implicit link information from above output:
  link line regex: [^( *|.*[/\])(ld|CMAKE_LINK_STARTFILE-NOTFOUND|([^/\]+-)?ld|collect2)[^/\]*( |$)]
  ignore line: [Change Dir: /home/william/Documents/Dev/digitclassifier/build/CMakeFiles/CMakeTmp]
  ignore line: []
  ignore line: [Run Build Command:"/usr/bin/make" "cmTC_b485f/fast"]
  ignore line: [/usr/bin/make -f CMakeFiles/cmTC_b485f.dir/build.make CMakeFiles/cmTC_b485f.dir/build]
  ignore line: [make[1]: Entering directory '/home/william/Documents/Dev/digitclassifier/build/CMakeFiles/CMakeTmp']
  ignore line: [Building CXX object CMakeFiles/cmTC_b485f.dir/CMakeCXXCompilerABI.cpp.o]
  ignore line: [/usr/bin/c++     -o CMakeFiles/cmTC_b485f.dir/CMakeCXXCompilerABI.cpp.o -c /usr/share/cmake-3.11/Modules/CMakeCXXCompilerABI.cpp]
  ignore line: [Linking CXX executable cmTC_b485f]
  ignore line: [/usr/bin/cmake -E cmake_link_script CMakeFiles/cmTC_b485f.dir/link.txt --verbose=1]
  ignore line: [/usr/bin/c++      -v -rdynamic CMakeFiles/cmTC_b485f.dir/CMakeCXXCompilerABI.cpp.o  -o cmTC_b485f ]
  ignore line: [Using built-in specs.]
  ignore line: [COLLECT_GCC=/usr/bin/c++]
  ignore line: [COLLECT_LTO_WRAPPER=/usr/lib/gcc/x86_64-pc-linux-gnu/8.1.1/lto-wrapper]
  ignore line: [Target: x86_64-pc-linux-gnu]
  ignore line: [Configured with: /build/gcc/src/gcc/configure --prefix=/usr --libdir=/usr/lib --libexecdir=/usr/lib --mandir=/usr/share/man --infodir=/usr/share/info --with-bugurl=https://bugs.archlinux.org/ --enable-languages=c,c++,ada,fortran,go,lto,objc,obj-c++ --enable-shared --enable-threads=posix --enable-libmpx --with-system-zlib --with-isl --enable-__cxa_atexit --disable-libunwind-exceptions --enable-clocale=gnu --disable-libstdcxx-pch --disable-libssp --enable-gnu-unique-object --enable-linker-build-id --enable-lto --enable-plugin --enable-install-libiberty --with-linker-hash-style=gnu --enable-gnu-indirect-function --enable-multilib --disable-werror --enable-checking=release --enable-default-pie --enable-default-ssp]
  ignore line: [Thread model: posix]
  ignore line: [gcc version 8.1.1 20180531 (GCC) ]
  ignore line: [COMPILER_PATH=/usr/lib/gcc/x86_64-pc-linux-gnu/8.1.1/:/usr/lib/gcc/x86_64-pc-linux-gnu/8.1.1/:/usr/lib/gcc/x86_64-pc-linux-gnu/:/usr/lib/gcc/x86_64-pc-linux-gnu/8.1.1/:/usr/lib/gcc/x86_64-pc-linux-gnu/]
  ignore line: [LIBRARY_PATH=/usr/lib/gcc/x86_64-pc-linux-gnu/8.1.1/:/usr/lib/gcc/x86_64-pc-linux-gnu/8.1.1/../../../../lib/:/lib/../lib/:/usr/lib/../lib/:/usr/lib/gcc/x86_64-pc-linux-gnu/8.1.1/../../../:/lib/:/usr/lib/]
  ignore line: [COLLECT_GCC_OPTIONS='-v' '-rdynamic' '-o' 'cmTC_b485f' '-shared-libgcc' '-mtune=generic' '-march=x86-64']
  link line: [ /usr/lib/gcc/x86_64-pc-linux-gnu/8.1.1/collect2 -plugin /usr/lib/gcc/x86_64-pc-linux-gnu/8.1.1/liblto_plugin.so -plugin-opt=/usr/lib/gcc/x86_64-pc-linux-gnu/8.1.1/lto-wrapper -plugin-opt=-fresolution=/tmp/ccn6mP0c.res -plugin-opt=-pass-through=-lgcc_s -plugin-opt=-pass-through=-lgcc -plugin-opt=-pass-through=-lc -plugin-opt=-pass-through=-lgcc_s -plugin-opt=-pass-through=-lgcc --build-id --eh-frame-hdr --hash-style=gnu -m elf_x86_64 -export-dynamic -dynamic-linker /lib64/ld-linux-x86-64.so.2 -pie -o cmTC_b485f /usr/lib/gcc/x86_64-pc-linux-gnu/8.1.1/../../../../lib/Scrt1.o /usr/lib/gcc/x86_64-pc-linux-gnu/8.1.1/../../../../lib/crti.o /usr/lib/gcc/x86_64-pc-linux-gnu/8.1.1/crtbeginS.o -L/usr/lib/gcc/x86_64-pc-linux-gnu/8.1.1 -L/usr/lib/gcc/x86_64-pc-linux-gnu/8.1.1/../../../../lib -L/lib/../lib -L/usr/lib/../lib -L/usr/lib/gcc/x86_64-pc-linux-gnu/8.1.1/../../.. CMakeFiles/cmTC_b485f.dir/CMakeCXXCompilerABI.cpp.o -lstdc++ -lm -lgcc_s -lgcc -lc -lgcc_s -lgcc /usr/lib/gcc/x86_64-pc-linux-gnu/8.1.1/crtendS.o /usr/lib/gcc/x86_64-pc-linux-gnu/8.1.1/../../../../lib/crtn.o]
    arg [/usr/lib/gcc/x86_64-pc-linux-gnu/8.1.1/collect2] ==> ignore
    arg [-plugin] ==> ignore
    arg [/usr/lib/gcc/x86_64-pc-linux-gnu/8.1.1/liblto_plugin.so] ==> ignore
    arg [-plugin-opt=/usr/lib/gcc/x86_64-pc-linux-gnu/8.1.1/lto-wrapper] ==> ignore
    arg [-plugin-opt=-fresolution=/tmp/ccn6mP0c.res] ==> ignore
    arg [-plugin-opt=-pass-through=-lgcc_s] ==> ignore
    arg [-plugin-opt=-pass-through=-lgcc] ==> ignore
    arg [-plugin-opt=-pass-through=-lc] ==> ignore
    arg [-plugin-opt=-pass-through=-lgcc_s] ==> ignore
    arg [-plugin-opt=-pass-through=-lgcc] ==> ignore
    arg [--build-id] ==> ignore
    arg [--eh-frame-hdr] ==> ignore
    arg [--hash-style=gnu] ==> ignore
    arg [-m] ==> ignore
    arg [elf_x86_64] ==> ignore
    arg [-export-dynamic] ==> ignore
    arg [-dynamic-linker] ==> ignore
    arg [/lib64/ld-linux-x86-64.so.2] ==> ignore
    arg [-pie] ==> ignore
    arg [-o] ==> ignore
    arg [cmTC_b485f] ==> ignore
    arg [/usr/lib/gcc/x86_64-pc-linux-gnu/8.1.1/../../../../lib/Scrt1.o] ==> ignore
    arg [/usr/lib/gcc/x86_64-pc-linux-gnu/8.1.1/../../../../lib/crti.o] ==> ignore
    arg [/usr/lib/gcc/x86_64-pc-linux-gnu/8.1.1/crtbeginS.o] ==> ignore
    arg [-L/usr/lib/gcc/x86_64-pc-linux-gnu/8.1.1] ==> dir [/usr/lib/gcc/x86_64-pc-linux-gnu/8.1.1]
    arg [-L/usr/lib/gcc/x86_64-pc-linux-gnu/8.1.1/../../../../lib] ==> dir [/usr/lib/gcc/x86_64-pc-linux-gnu/8.1.1/../../../../lib]
    arg [-L/lib/../lib] ==> dir [/lib/../lib]
    arg [-L/usr/lib/../lib] ==> dir [/usr/lib/../lib]
    arg [-L/usr/lib/gcc/x86_64-pc-linux-gnu/8.1.1/../../..] ==> dir [/usr/lib/gcc/x86_64-pc-linux-gnu/8.1.1/../../..]
    arg [CMakeFiles/cmTC_b485f.dir/CMakeCXXCompilerABI.cpp.o] ==> ignore
    arg [-lstdc++] ==> lib [stdc++]
    arg [-lm] ==> lib [m]
    arg [-lgcc_s] ==> lib [gcc_s]
    arg [-lgcc] ==> lib [gcc]
    arg [-lc] ==> lib [c]
    arg [-lgcc_s] ==> lib [gcc_s]
    arg [-lgcc] ==> lib [gcc]
    arg [/usr/lib/gcc/x86_64-pc-linux-gnu/8.1.1/crtendS.o] ==> ignore
    arg [/usr/lib/gcc/x86_64-pc-linux-gnu/8.1.1/../../../../lib/crtn.o] ==> ignore
  collapse library dir [/usr/lib/gcc/x86_64-pc-linux-gnu/8.1.1] ==> [/usr/lib/gcc/x86_64-pc-linux-gnu/8.1.1]
  collapse library dir [/usr/lib/gcc/x86_64-pc-linux-gnu/8.1.1/../../../../lib] ==> [/usr/lib]
  collapse library dir [/lib/../lib] ==> [/lib]
  collapse library dir [/usr/lib/../lib] ==> [/usr/lib]
  collapse library dir [/usr/lib/gcc/x86_64-pc-linux-gnu/8.1.1/../../..] ==> [/usr/lib]
  implicit libs: [stdc++;m;gcc_s;gcc;c;gcc_s;gcc]
  implicit dirs: [/usr/lib/gcc/x86_64-pc-linux-gnu/8.1.1;/usr/lib;/lib]
  implicit fwks: []




Detecting CXX [-std=c++1z] compiler features compiled with the following output:
Change Dir: /home/william/Documents/Dev/digitclassifier/build/CMakeFiles/CMakeTmp

Run Build Command:"/usr/bin/make" "cmTC_dd06d/fast"
/usr/bin/make -f CMakeFiles/cmTC_dd06d.dir/build.make CMakeFiles/cmTC_dd06d.dir/build
make[1]: Entering directory '/home/william/Documents/Dev/digitclassifier/build/CMakeFiles/CMakeTmp'
Building CXX object CMakeFiles/cmTC_dd06d.dir/feature_tests.cxx.o
/usr/bin/c++    -std=c++1z -o CMakeFiles/cmTC_dd06d.dir/feature_tests.cxx.o -c /home/william/Documents/Dev/digitclassifier/build/CMakeFiles/feature_tests.cxx
Linking CXX executable cmTC_dd06d
/usr/bin/cmake -E cmake_link_script CMakeFiles/cmTC_dd06d.dir/link.txt --verbose=1
/usr/bin/c++       -rdynamic CMakeFiles/cmTC_dd06d.dir/feature_tests.cxx.o  -o cmTC_dd06d 
make[1]: Leaving directory '/home/william/Documents/Dev/digitclassifier/build/CMakeFiles/CMakeTmp'


    Feature record: CXX_FEATURE:1cxx_aggregate_default_initializers
    Feature record: CXX_FEATURE:1cxx_alias_templates
    Feature record: CXX_FEATURE:1cxx_alignas
    Feature record: CXX_FEATURE:1cxx_alignof
    Feature record: CXX_FEATURE:1cxx_attributes
    Feature record: CXX_FEATURE:1cxx_attribute_deprecated
    Feature record: CXX_FEATURE:1cxx_auto_type
    Feature record: CXX_FEATURE:1cxx_binary_literals
    Feature record: CXX_FEATURE:1cxx_constexpr
    Feature record: CXX_FEATURE:1cxx_contextual_conversions
    Feature record: CXX_FEATURE:1cxx_decltype
    Feature record: CXX_FEATURE:1cxx_decltype_auto
    Feature record: CXX_FEATURE:1cxx_decltype_incomplete_return_types
    Feature record: CXX_FEATURE:1cxx_default_function_template_args
    Feature record: CXX_FEATURE:1cxx_defaulted_functions
    Feature record: CXX_FEATURE:1cxx_defaulted_move_initializers
    Feature record: CXX_FEATURE:1cxx_delegating_constructors
    Feature record: CXX_FEATURE:1cxx_deleted_functions
    Feature record: CXX_FEATURE:1cxx_digit_separators
    Feature record: CXX_FEATURE:1cxx_enum_forward_declarations
    Feature record: CXX_FEATURE:1cxx_explicit_conversions
    Feature record: CXX_FEATURE:1cxx_extended_friend_declarations
    Feature record: CXX_FEATURE:1cxx_extern_templates
    Feature record: CXX_FEATURE:1cxx_final
    Feature record: CXX_FEATURE:1cxx_func_identifier
    Feature record: CXX_FEATURE:1cxx_generalized_initializers
    Feature record: CXX_FEATURE:1cxx_generic_lambdas
    Feature record: CXX_FEATURE:1cxx_inheriting_constructors
    Feature record: CXX_FEATURE:1cxx_inline_namespaces
    Feature record: CXX_FEATURE:1cxx_lambdas
    Feature record: CXX_FEATURE:1cxx_lambda_init_captures
    Feature record: CXX_FEATURE:1cxx_local_type_template_args
    Feature record: CXX_FEATURE:1cxx_long_long_type
    Feature record: CXX_FEATURE:1cxx_noexcept
    Feature record: CXX_FEATURE:1cxx_nonstatic_member_init
    Feature record: CXX_FEATURE:1cxx_nullptr
    Feature record: CXX_FEATURE:1cxx_override
    Feature record: CXX_FEATURE:1cxx_range_for
    Feature record: CXX_FEATURE:1cxx_raw_string_literals
    Feature record: CXX_FEATURE:1cxx_reference_qualified_functions
    Feature record: CXX_FEATURE:1cxx_relaxed_constexpr
    Feature record: CXX_FEATURE:1cxx_return_type_deduction
    Feature record: CXX_FEATURE:1cxx_right_angle_brackets
    Feature record: CXX_FEATURE:1cxx_rvalue_references
    Feature record: CXX_FEATURE:1cxx_sizeof_member
    Feature record: CXX_FEATURE:1cxx_static_assert
    Feature record: CXX_FEATURE:1cxx_strong_enums
    Feature record: CXX_FEATURE:1cxx_template_template_parameters
    Feature record: CXX_FEATURE:1cxx_thread_local
    Feature record: CXX_FEATURE:1cxx_trailing_return_types
    Feature record: CXX_FEATURE:1cxx_unicode_literals
    Feature record: CXX_FEATURE:1cxx_uniform_initialization
    Feature record: CXX_FEATURE:1cxx_unrestricted_unions
    Feature record: CXX_FEATURE:1cxx_user_literals
    Feature record: CXX_FEATURE:1cxx_variable_templates
    Feature record: CXX_FEATURE:1cxx_variadic_macros
    Feature record: CXX_FEATURE:1cxx_variadic_templates


Detecting CXX [-std=c++14] compiler features compiled with the following output:
Change Dir: /home/william/Documents/Dev/digitclassifier/build/CMakeFiles/CMakeTmp

Run Build Command:"/usr/bin/make" "cmTC_0e006/fast"
/usr/bin/make -f CMakeFiles/cmTC_0e006.dir/build.make CMakeFiles/cmTC_0e006.dir/build
make[1]: Entering directory '/home/william/Documents/Dev/digitclassifier/build/CMakeFiles/CMakeTmp'
Building CXX object CMakeFiles/cmTC_0e006.dir/feature_tests.cxx.o
/usr/bin/c++    -std=c++14 -o CMakeFiles/cmTC_0e006.dir/feature_tests.cxx.o -c /home/william/Documents/Dev/digitclassifier/build/CMakeFiles/feature_tests.cxx
Linking CXX executable cmTC_0e006
/usr/bin/cmake -E cmake_link_script CMakeFiles/cmTC_0e006.dir/link.txt --verbose=1
/usr/bin/c++       -rdynamic CMakeFiles/cmTC_0e006.dir/feature_tests.cxx.o  -o cmTC_0e006 
make[1]: Leaving directory '/home/william/Documents/Dev/digitclassifier/build/CMakeFiles/CMakeTmp'


    Feature record: CXX_FEATURE:1cxx_aggregate_default_initializers
    Feature record: CXX_FEATURE:1cxx_alias_templates
    Feature record: CXX_FEATURE:1cxx_alignas
    Feature record: CXX_FEATURE:1cxx_alignof
    Feature record: CXX_FEATURE:1cxx_attributes
    Feature record: CXX_FEATURE:1cxx_attribute_deprecated
    Feature record: CXX_FEATURE:1cxx_auto_type
    Feature record: CXX_FEATURE:1cxx_binary_literals
    Feature record: CXX_FEATURE:1cxx_constexpr
    Feature record: CXX_FEATURE:1cxx_contextual_conversions
    Feature record: CXX_FEATURE:1cxx_decltype
    Feature record: CXX_FEATURE:1cxx_decltype_auto
    Feature record: CXX_FEATURE:1cxx_decltype_incomplete_return_types
    Feature record: CXX_FEATURE:1cxx_default_function_template_args
    Feature record: CXX_FEATURE:1cxx_defaulted_functions
    Feature record: CXX_FEATURE:1cxx_defaulted_move_initializers
    Feature record: CXX_FEATURE:1cxx_delegating_constructors
    Feature record: CXX_FEATURE:1cxx_deleted_functions
    Feature record: CXX_FEATURE:1cxx_digit_separators
    Feature record: CXX_FEATURE:1cxx_enum_forward_declarations
    Feature record: CXX_FEATURE:1cxx_explicit_conversions
    Feature record: CXX_FEATURE:1cxx_extended_friend_declarations
    Feature record: CXX_FEATURE:1cxx_extern_templates
    Feature record: CXX_FEATURE:1cxx_final
    Feature record: CXX_FEATURE:1cxx_func_identifier
    Feature record: CXX_FEATURE:1cxx_generalized_initializers
    Feature record: CXX_FEATURE:1cxx_generic_lambdas
    Feature record: CXX_FEATURE:1cxx_inheriting_constructors
    Feature record: CXX_FEATURE:1cxx_inline_namespaces
    Feature record: CXX_FEATURE:1cxx_lambdas
    Feature record: CXX_FEATURE:1cxx_lambda_init_captures
    Feature record: CXX_FEATURE:1cxx_local_type_template_args
    Feature record: CXX_FEATURE:1cxx_long_long_type
    Feature record: CXX_FEATURE:1cxx_noexcept
    Feature record: CXX_FEATURE:1cxx_nonstatic_member_init
    Feature record: CXX_FEATURE:1cxx_nullptr
    Feature record: CXX_FEATURE:1cxx_override
    Feature record: CXX_FEATURE:1cxx_range_for
    Feature record: CXX_FEATURE:1cxx_raw_string_literals
    Feature record: CXX_FEATURE:1cxx_reference_qualified_functions
    Feature record: CXX_FEATURE:1cxx_relaxed_constexpr
    Feature record: CXX_FEATURE:1cxx_return_type_deduction
    Feature record: CXX_FEATURE:1cxx_right_angle_brackets
    Feature record: CXX_FEATURE:1cxx_rvalue_references
    Feature record: CXX_FEATURE:1cxx_sizeof_member
    Feature record: CXX_FEATURE:1cxx_static_assert
    Feature record: CXX_FEATURE:1cxx_strong_enums
    Feature record: CXX_FEATURE:1cxx_template_template_parameters
    Feature record: CXX_FEATURE:1cxx_thread_local
    Feature record: CXX_FEATURE:1cxx_trailing_return_types
    Feature record: CXX_FEATURE:1cxx_unicode_literals
    Feature record: CXX_FEATURE:1cxx_uniform_initialization
    Feature record: CXX_FEATURE:1cxx_unrestricted_unions
    Feature record: CXX_FEATURE:1cxx_user_literals
    Feature record: CXX_FEATURE:1cxx_variable_templates
    Feature record: CXX_FEATURE:1cxx_variadic_macros
    Feature record: CXX_FEATURE:1cxx_variadic_templates


Detecting CXX [-std=c++11] compiler features compiled with the following output:
Change Dir: /home/william/Documents/Dev/digitclassifier/build/CMakeFiles/CMakeTmp

Run Build Command:"/usr/bin/make" "cmTC_3f252/fast"
/usr/bin/make -f CMakeFiles/cmTC_3f252.dir/build.make CMakeFiles/cmTC_3f252.dir/build
make[1]: Entering directory '/home/william/Documents/Dev/digitclassifier/build/CMakeFiles/CMakeTmp'
Building CXX object CMakeFiles/cmTC_3f252.dir/feature_tests.cxx.o
/usr/bin/c++    -std=c++11 -o CMakeFiles/cmTC_3f252.dir/feature_tests.cxx.o -c /home/william/Documents/Dev/digitclassifier/build/CMakeFiles/feature_tests.cxx
Linking CXX executable cmTC_3f252
/usr/bin/cmake -E cmake_link_script CMakeFiles/cmTC_3f252.dir/link.txt --verbose=1
/usr/bin/c++       -rdynamic CMakeFiles/cmTC_3f252.dir/feature_tests.cxx.o  -o cmTC_3f252 
make[1]: Leaving directory '/home/william/Documents/Dev/digitclassifier/build/CMakeFiles/CMakeTmp'


    Feature record: CXX_FEATURE:0cxx_aggregate_default_initializers
    Feature record: CXX_FEATURE:1cxx_alias_templates
    Feature record: CXX_FEATURE:1cxx_alignas
    Feature record: CXX_FEATURE:1cxx_alignof
    Feature record: CXX_FEATURE:1cxx_attributes
    Feature record: CXX_FEATURE:0cxx_attribute_deprecated
    Feature record: CXX_FEATURE:1cxx_auto_type
    Feature record: CXX_FEATURE:0cxx_binary_literals
    Feature record: CXX_FEATURE:1cxx_constexpr
    Feature record: CXX_FEATURE:0cxx_contextual_conversions
    Feature record: CXX_FEATURE:1cxx_decltype
    Feature record: CXX_FEATURE:0cxx_decltype_auto
    Feature record: CXX_FEATURE:1cxx_decltype_incomplete_return_types
    Feature record: CXX_FEATURE:1cxx_default_function_template_args
    Feature record: CXX_FEATURE:1cxx_defaulted_functions
    Feature record: CXX_FEATURE:1cxx_defaulted_move_initializers
    Feature record: CXX_FEATURE:1cxx_delegating_constructors
    Feature record: CXX_FEATURE:1cxx_deleted_functions
    Feature record: CXX_FEATURE:0cxx_digit_separators
    Feature record: CXX_FEATURE:1cxx_enum_forward_declarations
    Feature record: CXX_FEATURE:1cxx_explicit_conversions
    Feature record: CXX_FEATURE:1cxx_extended_friend_declarations
    Feature record: CXX_FEATURE:1cxx_extern_templates
    Feature record: CXX_FEATURE:1cxx_final
    Feature record: CXX_FEATURE:1cxx_func_identifier
    Feature record: CXX_FEATURE:1cxx_generalized_initializers
    Feature record: CXX_FEATURE:0cxx_generic_lambdas
    Feature record: CXX_FEATURE:1cxx_inheriting_constructors
    Feature record: CXX_FEATURE:1cxx_inline_namespaces
    Feature record: CXX_FEATURE:1cxx_lambdas
    Feature record: CXX_FEATURE:0cxx_lambda_init_captures
    Feature record: CXX_FEATURE:1cxx_local_type_template_args
    Feature record: CXX_FEATURE:1cxx_long_long_type
    Feature record: CXX_FEATURE:1cxx_noexcept
    Feature record: CXX_FEATURE:1cxx_nonstatic_member_init
    Feature record: CXX_FEATURE:1cxx_nullptr
    Feature record: CXX_FEATURE:1cxx_override
    Feature record: CXX_FEATURE:1cxx_range_for
    Feature record: CXX_FEATURE:1cxx_raw_string_literals
    Feature record: CXX_FEATURE:1cxx_reference_qualified_functions
    Feature record: CXX_FEATURE:0cxx_relaxed_constexpr
    Feature record: CXX_FEATURE:0cxx_return_type_deduction
    Feature record: CXX_FEATURE:1cxx_right_angle_brackets
    Feature record: CXX_FEATURE:1cxx_rvalue_references
    Feature record: CXX_FEATURE:1cxx_sizeof_member
    Feature record: CXX_FEATURE:1cxx_static_assert
    Feature record: CXX_FEATURE:1cxx_strong_enums
    Feature record: CXX_FEATURE:1cxx_template_template_parameters
    Feature record: CXX_FEATURE:1cxx_thread_local
    Feature record: CXX_FEATURE:1cxx_trailing_return_types
    Feature record: CXX_FEATURE:1cxx_unicode_literals
    Feature record: CXX_FEATURE:1cxx_uniform_initialization
    Feature record: CXX_FEATURE:1cxx_unrestricted_unions
    Feature record: CXX_FEATURE:1cxx_user_literals
    Feature record: CXX_FEATURE:0cxx_variable_templates
    Feature record: CXX_FEATURE:1cxx_variadic_macros
    Feature record: CXX_FEATURE:1cxx_variadic_templates


Detecting CXX [-std=c++98] compiler features compiled with the following output:
Change Dir: /home/william/Documents/Dev/digitclassifier/build/CMakeFiles/CMakeTmp

Run Build Command:"/usr/bin/make" "cmTC_47a18/fast"
/usr/bin/make -f CMakeFiles/cmTC_47a18.dir/build.make CMakeFiles/cmTC_47a18.dir/build
make[1]: Entering directory '/home/william/Documents/Dev/digitclassifier/build/CMakeFiles/CMakeTmp'
Building CXX object CMakeFiles/cmTC_47a18.dir/feature_tests.cxx.o
/usr/bin/c++    -std=c++98 -o CMakeFiles/cmTC_47a18.dir/feature_tests.cxx.o -c /home/william/Documents/Dev/digitclassifier/build/CMakeFiles/feature_tests.cxx
Linking CXX executable cmTC_47a18
/usr/bin/cmake -E cmake_link_script CMakeFiles/cmTC_47a18.dir/link.txt --verbose=1
/usr/bin/c++       -rdynamic CMakeFiles/cmTC_47a18.dir/feature_tests.cxx.o  -o cmTC_47a18 
make[1]: Leaving directory '/home/william/Documents/Dev/digitclassifier/build/CMakeFiles/CMakeTmp'


    Feature record: CXX_FEATURE:0cxx_aggregate_default_initializers
    Feature record: CXX_FEATURE:0cxx_alias_templates
    Feature record: CXX_FEATURE:0cxx_alignas
    Feature record: CXX_FEATURE:0cxx_alignof
    Feature record: CXX_FEATURE:0cxx_attributes
    Feature record: CXX_FEATURE:0cxx_attribute_deprecated
    Feature record: CXX_FEATURE:0cxx_auto_type
    Feature record: CXX_FEATURE:0cxx_binary_literals
    Feature record: CXX_FEATURE:0cxx_constexpr
    Feature record: CXX_FEATURE:0cxx_contextual_conversions
    Feature record: CXX_FEATURE:0cxx_decltype
    Feature record: CXX_FEATURE:0cxx_decltype_auto
    Feature record: CXX_FEATURE:0cxx_decltype_incomplete_return_types
    Feature record: CXX_FEATURE:0cxx_default_function_template_args
    Feature record: CXX_FEATURE:0cxx_defaulted_functions
    Feature record: CXX_FEATURE:0cxx_defaulted_move_initializers
    Feature record: CXX_FEATURE:0cxx_delegating_constructors
    Feature record: CXX_FEATURE:0cxx_deleted_functions
    Feature record: CXX_FEATURE:0cxx_digit_separators
    Feature record: CXX_FEATURE:0cxx_enum_forward_declarations
    Feature record: CXX_FEATURE:0cxx_explicit_conversions
    Feature record: CXX_FEATURE:0cxx_extended_friend_declarations
    Feature record: CXX_FEATURE:0cxx_extern_templates
    Feature record: CXX_FEATURE:0cxx_final
    Feature record: CXX_FEATURE:0cxx_func_identifier
    Feature record: CXX_FEATURE:0cxx_generalized_initializers
    Feature record: CXX_FEATURE:0cxx_generic_lambdas
    Feature record: CXX_FEATURE:0cxx_inheriting_constructors
    Feature record: CXX_FEATURE:0cxx_inline_namespaces
    Feature record: CXX_FEATURE:0cxx_lambdas
    Feature record: CXX_FEATURE:0cxx_lambda_init_captures
    Feature record: CXX_FEATURE:0cxx_local_type_template_args
    Feature record: CXX_FEATURE:0cxx_long_long_type
    Feature record: CXX_FEATURE:0cxx_noexcept
    Feature record: CXX_FEATURE:0cxx_nonstatic_member_init
    Feature record: CXX_FEATURE:0cxx_nullptr
    Feature record: CXX_FEATURE:0cxx_override
    Feature record: CXX_FEATURE:0cxx_range_for
    Feature record: CXX_FEATURE:0cxx_raw_string_literals
    Feature record: CXX_FEATURE:0cxx_reference_qualified_functions
    Feature record: CXX_FEATURE:0cxx_relaxed_constexpr
    Feature record: CXX_FEATURE:0cxx_return_type_deduction
    Feature record: CXX_FEATURE:0cxx_right_angle_brackets
    Feature record: CXX_FEATURE:0cxx_rvalue_references
    Feature record: CXX_FEATURE:0cxx_sizeof_member
    Feature record: CXX_FEATURE:0cxx_static_assert
    Feature record: CXX_FEATURE:0cxx_strong_enums
    Feature record: CXX_FEATURE:1cxx_template_template_parameters
    Feature record: CXX_FEATURE:0cxx_thread_local
    Feature record: CXX_FEATURE:0cxx_trailing_return_types
    Feature record: CXX_FEATURE:0cxx_unicode_literals
    Feature record: CXX_FEATURE:0cxx_uniform_initialization
    Feature record: CXX_FEATURE:0cxx_unrestricted_unions
    Feature record: CXX_FEATURE:0cxx_user_literals
    Feature record: CXX_FEATURE:0cxx_variable_templates
    Feature record: CXX_FEATURE:0cxx_variadic_macros
    Feature record: CXX_FEATURE:0cxx_variadic_templates
Performing C++ SOURCE FILE Test standard_math_library_linked_to_automatically succeeded with the following output:
Change Dir: /home/william/Documents/Dev/digitclassifier/build/CMakeFiles/CMakeTmp

Run Build Command:"/usr/bin/make" "cmTC_f6a17/fast"
/usr/bin/make -f CMakeFiles/cmTC_f6a17.dir/build.make CMakeFiles/cmTC_f6a17.dir/build
make[1]: Entering directory '/home/william/Documents/Dev/digitclassifier/build/CMakeFiles/CMakeTmp'
Building CXX object CMakeFiles/cmTC_f6a17.dir/src.cxx.o
/usr/bin/c++    -Dstandard_math_library_linked_to_automatically   -o CMakeFiles/cmTC_f6a17.dir/src.cxx.o -c /home/william/Documents/Dev/digitclassifier/build/CMakeFiles/CMakeTmp/src.cxx
Linking CXX executable cmTC_f6a17
/usr/bin/cmake -E cmake_link_script CMakeFiles/cmTC_f6a17.dir/link.txt --verbose=1
/usr/bin/c++   -Dstandard_math_library_linked_to_automatically    -rdynamic CMakeFiles/cmTC_f6a17.dir/src.cxx.o  -o cmTC_f6a17 
make[1]: Leaving directory '/home/william/Documents/Dev/digitclassifier/build/CMakeFiles/CMakeTmp'

Source file was:
#include<cmath>
int main() { std::sin(0.0); std::log(0.0f); }
Performing C++ SOURCE FILE Test COMPILER_SUPPORT_WERROR succeeded with the following output:
Change Dir: /home/william/Documents/Dev/digitclassifier/build/CMakeFiles/CMakeTmp

Run Build Command:"/usr/bin/make" "cmTC_05a6f/fast"
/usr/bin/make -f CMakeFiles/cmTC_05a6f.dir/build.make CMakeFiles/cmTC_05a6f.dir/build
make[1]: Entering directory '/home/william/Documents/Dev/digitclassifier/build/CMakeFiles/CMakeTmp'
Building CXX object CMakeFiles/cmTC_05a6f.dir/src.cxx.o
/usr/bin/c++    -DCOMPILER_SUPPORT_WERROR   -Werror -o CMakeFiles/cmTC_05a6f.dir/src.cxx.o -c /home/william/Documents/Dev/digitclassifier/build/CMakeFiles/CMakeTmp/src.cxx
Linking CXX executable cmTC_05a6f
/usr/bin/cmake -E cmake_link_script CMakeFiles/cmTC_05a6f.dir/link.txt --verbose=1
/usr/bin/c++   -DCOMPILER_SUPPORT_WERROR    -rdynamic CMakeFiles/cmTC_05a6f.dir/src.cxx.o  -o cmTC_05a6f 
make[1]: Leaving directory '/home/william/Documents/Dev/digitclassifier/build/CMakeFiles/CMakeTmp'

Source file was:
int main() { return 0; }
Performing C++ SOURCE FILE Test COMPILER_SUPPORT_pedantic succeeded with the following output:
Change Dir: /home/william/Documents/Dev/digitclassifier/build/CMakeFiles/CMakeTmp

Run Build Command:"/usr/bin/make" "cmTC_b52bf/fast"
/usr/bin/make -f CMakeFiles/cmTC_b52bf.dir/build.make CMakeFiles/cmTC_b52bf.dir/build
make[1]: Entering directory '/home/william/Documents/Dev/digitclassifier/build/CMakeFiles/CMakeTmp'
Building CXX object CMakeFiles/cmTC_b52bf.dir/src.cxx.o
/usr/bin/c++    -DCOMPILER_SUPPORT_pedantic -Werror   -pedantic -o CMakeFiles/cmTC_b52bf.dir/src.cxx.o -c /home/william/Documents/Dev/digitclassifier/build/CMakeFiles/CMakeTmp/src.cxx
Linking CXX executable cmTC_b52bf
/usr/bin/cmake -E cmake_link_script CMakeFiles/cmTC_b52bf.dir/link.txt --verbose=1
/usr/bin/c++   -DCOMPILER_SUPPORT_pedantic -Werror    -rdynamic CMakeFiles/cmTC_b52bf.dir/src.cxx.o  -o cmTC_b52bf 
make[1]: Leaving directory '/home/william/Documents/Dev/digitclassifier/build/CMakeFiles/CMakeTmp'

Source file was:
int main() { return 0; }
Performing C++ SOURCE FILE Test COMPILER_SUPPORT_Wall succeeded with the following output:
Change Dir: /home/william/Documents/Dev/digitclassifier/build/CMakeFiles/CMakeTmp

Run Build Command:"/usr/bin/make" "cmTC_3cbd5/fast"
/usr/bin/make -f CMakeFiles/cmTC_3cbd5.dir/build.make CMakeFiles/cmTC_3cbd5.dir/build
make[1]: Entering directory '/home/william/Documents/Dev/digitclassifier/build/CMakeFiles/CMakeTmp'
Building CXX object CMakeFiles/cmTC_3cbd5.dir/src.cxx.o
/usr/bin/c++    -pedantic -DCOMPILER_SUPPORT_Wall -Werror   -Wall -o CMakeFiles/cmTC_3cbd5.dir/src.cxx.o -c /home/william/Documents/Dev/digitclassifier/build/CMakeFiles/CMakeTmp/src.cxx
Linking CXX executable cmTC_3cbd5
/usr/bin/cmake -E cmake_link_script CMakeFiles/cmTC_3cbd5.dir/link.txt --verbose=1
/usr/bin/c++   -pedantic -DCOMPILER_SUPPORT_Wall -Werror    -rdynamic CMakeFiles/cmTC_3cbd5.dir/src.cxx.o  -o cmTC_3cbd5 
make[1]: Leaving directory '/home/william/Documents/Dev/digitclassifier/build/CMakeFiles/CMakeTmp'

Source file was:
int main() { return 0; }
Performing C++ SOURCE FILE Test COMPILER_SUPPORT_Wextra succeeded with the following output:
Change Dir: /home/william/Documents/Dev/digitclassifier/build/CMakeFiles/CMakeTmp

Run Build Command:"/usr/bin/make" "cmTC_3a4ee/fast"
/usr/bin/make -f CMakeFiles/cmTC_3a4ee.dir/build.make CMakeFiles/cmTC_3a4ee.dir/build
make[1]: Entering directory '/home/william/Documents/Dev/digitclassifier/build/CMakeFiles/CMakeTmp'
Building CXX object CMakeFiles/cmTC_3a4ee.dir/src.cxx.o
/usr/bin/c++    -pedantic -Wall -DCOMPILER_SUPPORT_Wextra -Werror   -Wextra -o CMakeFiles/cmTC_3a4ee.dir/src.cxx.o -c /home/william/Documents/Dev/digitclassifier/build/CMakeFiles/CMakeTmp/src.cxx
Linking CXX executable cmTC_3a4ee
/usr/bin/cmake -E cmake_link_script CMakeFiles/cmTC_3a4ee.dir/link.txt --verbose=1
/usr/bin/c++   -pedantic -Wall -DCOMPILER_SUPPORT_Wextra -Werror    -rdynamic CMakeFiles/cmTC_3a4ee.dir/src.cxx.o  -o cmTC_3a4ee 
make[1]: Leaving directory '/home/william/Documents/Dev/digitclassifier/build/CMakeFiles/CMakeTmp'

Source file was:
int main() { return 0; }
Performing C++ SOURCE FILE Test COMPILER_SUPPORT_Wundef succeeded with the following output:
Change Dir: /home/william/Documents/Dev/digitclassifier/build/CMakeFiles/CMakeTmp

Run Build Command:"/usr/bin/make" "cmTC_2d5d2/fast"
/usr/bin/make -f CMakeFiles/cmTC_2d5d2.dir/build.make CMakeFiles/cmTC_2d5d2.dir/build
make[1]: Entering directory '/home/william/Documents/Dev/digitclassifier/build/CMakeFiles/CMakeTmp'
Building CXX object CMakeFiles/cmTC_2d5d2.dir/src.cxx.o
/usr/bin/c++    -pedantic -Wall -Wextra -DCOMPILER_SUPPORT_Wundef -Werror   -Wundef -o CMakeFiles/cmTC_2d5d2.dir/src.cxx.o -c /home/william/Documents/Dev/digitclassifier/build/CMakeFiles/CMakeTmp/src.cxx
Linking CXX executable cmTC_2d5d2
/usr/bin/cmake -E cmake_link_script CMakeFiles/cmTC_2d5d2.dir/link.txt --verbose=1
/usr/bin/c++   -pedantic -Wall -Wextra -DCOMPILER_SUPPORT_Wundef -Werror    -rdynamic CMakeFiles/cmTC_2d5d2.dir/src.cxx.o  -o cmTC_2d5d2 
make[1]: Leaving directory '/home/william/Documents/Dev/digitclassifier/build/CMakeFiles/CMakeTmp'

Source file was:
int main() { return 0; }
Performing C++ SOURCE FILE Test COMPILER_SUPPORT_Wcastalign succeeded with the following output:
Change Dir: /home/william/Documents/Dev/digitclassifier/build/CMakeFiles/CMakeTmp

Run Build Command:"/usr/bin/make" "cmTC_fc329/fast"
/usr/bin/make -f CMakeFiles/cmTC_fc329.dir/build.make CMakeFiles/cmTC_fc329.dir/build
make[1]: Entering directory '/home/william/Documents/Dev/digitclassifier/build/CMakeFiles/CMakeTmp'
Building CXX object CMakeFiles/cmTC_fc329.dir/src.cxx.o
/usr/bin/c++    -pedantic -Wall -Wextra -Wundef -DCOMPILER_SUPPORT_Wcastalign -Werror   -Wcast-align -o CMakeFiles/cmTC_fc329.dir/src.cxx.o -c /home/william/Documents/Dev/digitclassifier/build/CMakeFiles/CMakeTmp/src.cxx
Linking CXX executable cmTC_fc329
/usr/bin/cmake -E cmake_link_script CMakeFiles/cmTC_fc329.dir/link.txt --verbose=1
/usr/bin/c++   -pedantic -Wall -Wextra -Wundef -DCOMPILER_SUPPORT_Wcastalign -Werror    -rdynamic CMakeFiles/cmTC_fc329.dir/src.cxx.o  -o cmTC_fc329 
make[1]: Leaving directory '/home/william/Documents/Dev/digitclassifier/build/CMakeFiles/CMakeTmp'

Source file was:
int main() { return 0; }
Performing C++ SOURCE FILE Test COMPILER_SUPPORT_Wcharsubscripts succeeded with the following output:
Change Dir: /home/william/Documents/Dev/digitclassifier/build/CMakeFiles/CMakeTmp

Run Build Command:"/usr/bin/make" "cmTC_7c7fa/fast"
/usr/bin/make -f CMakeFiles/cmTC_7c7fa.dir/build.make CMakeFiles/cmTC_7c7fa.dir/build
make[1]: Entering directory '/home/william/Documents/Dev/digitclassifier/build/CMakeFiles/CMakeTmp'
Building CXX object CMakeFiles/cmTC_7c7fa.dir/src.cxx.o
/usr/bin/c++    -pedantic -Wall -Wextra -Wundef -Wcast-align -DCOMPILER_SUPPORT_Wcharsubscripts -Werror   -Wchar-subscripts -o CMakeFiles/cmTC_7c7fa.dir/src.cxx.o -c /home/william/Documents/Dev/digitclassifier/build/CMakeFiles/CMakeTmp/src.cxx
Linking CXX executable cmTC_7c7fa
/usr/bin/cmake -E cmake_link_script CMakeFiles/cmTC_7c7fa.dir/link.txt --verbose=1
/usr/bin/c++   -pedantic -Wall -Wextra -Wundef -Wcast-align -DCOMPILER_SUPPORT_Wcharsubscripts -Werror    -rdynamic CMakeFiles/cmTC_7c7fa.dir/src.cxx.o  -o cmTC_7c7fa 
make[1]: Leaving directory '/home/william/Documents/Dev/digitclassifier/build/CMakeFiles/CMakeTmp'

Source file was:
int main() { return 0; }
Performing C++ SOURCE FILE Test COMPILER_SUPPORT_Wnonvirtualdtor succeeded with the following output:
Change Dir: /home/william/Documents/Dev/digitclassifier/build/CMakeFiles/CMakeTmp

Run Build Command:"/usr/bin/make" "cmTC_4d727/fast"
/usr/bin/make -f CMakeFiles/cmTC_4d727.dir/build.make CMakeFiles/cmTC_4d727.dir/build
make[1]: Entering directory '/home/william/Documents/Dev/digitclassifier/build/CMakeFiles/CMakeTmp'
Building CXX object CMakeFiles/cmTC_4d727.dir/src.cxx.o
/usr/bin/c++    -pedantic -Wall -Wextra -Wundef -Wcast-align -Wchar-subscripts -DCOMPILER_SUPPORT_Wnonvirtualdtor -Werror   -Wnon-virtual-dtor -o CMakeFiles/cmTC_4d727.dir/src.cxx.o -c /home/william/Documents/Dev/digitclassifier/build/CMakeFiles/CMakeTmp/src.cxx
Linking CXX executable cmTC_4d727
/usr/bin/cmake -E cmake_link_script CMakeFiles/cmTC_4d727.dir/link.txt --verbose=1
/usr/bin/c++   -pedantic -Wall -Wextra -Wundef -Wcast-align -Wchar-subscripts -DCOMPILER_SUPPORT_Wnonvirtualdtor -Werror    -rdynamic CMakeFiles/cmTC_4d727.dir/src.cxx.o  -o cmTC_4d727 
make[1]: Leaving directory '/home/william/Documents/Dev/digitclassifier/build/CMakeFiles/CMakeTmp'

Source file was:
int main() { return 0; }
Performing C++ SOURCE FILE Test COMPILER_SUPPORT_Wunusedlocaltypedefs succeeded with the following output:
Change Dir: /home/william/Documents/Dev/digitclassifier/build/CMakeFiles/CMakeTmp

Run Build Command:"/usr/bin/make" "cmTC_56c93/fast"
/usr/bin/make -f CMakeFiles/cmTC_56c93.dir/build.make CMakeFiles/cmTC_56c93.dir/build
make[1]: Entering directory '/home/william/Documents/Dev/digitclassifier/build/CMakeFiles/CMakeTmp'
Building CXX object CMakeFiles/cmTC_56c93.dir/src.cxx.o
/usr/bin/c++    -pedantic -Wall -Wextra -Wundef -Wcast-align -Wchar-subscripts -Wnon-virtual-dtor -DCOMPILER_SUPPORT_Wunusedlocaltypedefs -Werror   -Wunused-local-typedefs -o CMakeFiles/cmTC_56c93.dir/src.cxx.o -c /home/william/Documents/Dev/digitclassifier/build/CMakeFiles/CMakeTmp/src.cxx
Linking CXX executable cmTC_56c93
/usr/bin/cmake -E cmake_link_script CMakeFiles/cmTC_56c93.dir/link.txt --verbose=1
/usr/bin/c++   -pedantic -Wall -Wextra -Wundef -Wcast-align -Wchar-subscripts -Wnon-virtual-dtor -DCOMPILER_SUPPORT_Wunusedlocaltypedefs -Werror    -rdynamic CMakeFiles/cmTC_56c93.dir/src.cxx.o  -o cmTC_56c93 
make[1]: Leaving directory '/home/william/Documents/Dev/digitclassifier/build/CMakeFiles/CMakeTmp'

Source file was:
int main() { return 0; }
Performing C++ SOURCE FILE Test COMPILER_SUPPORT_Wpointerarith succeeded with the following output:
Change Dir: /home/william/Documents/Dev/digitclassifier/build/CMakeFiles/CMakeTmp

Run Build Command:"/usr/bin/make" "cmTC_21bd8/fast"
/usr/bin/make -f CMakeFiles/cmTC_21bd8.dir/build.make CMakeFiles/cmTC_21bd8.dir/build
make[1]: Entering directory '/home/william/Documents/Dev/digitclassifier/build/CMakeFiles/CMakeTmp'
Building CXX object CMakeFiles/cmTC_21bd8.dir/src.cxx.o
/usr/bin/c++    -pedantic -Wall -Wextra -Wundef -Wcast-align -Wchar-subscripts -Wnon-virtual-dtor -Wunused-local-typedefs -DCOMPILER_SUPPORT_Wpointerarith -Werror   -Wpointer-arith -o CMakeFiles/cmTC_21bd8.dir/src.cxx.o -c /home/william/Documents/Dev/digitclassifier/build/CMakeFiles/CMakeTmp/src.cxx
Linking CXX executable cmTC_21bd8
/usr/bin/cmake -E cmake_link_script CMakeFiles/cmTC_21bd8.dir/link.txt --verbose=1
/usr/bin/c++   -pedantic -Wall -Wextra -Wundef -Wcast-align -Wchar-subscripts -Wnon-virtual-dtor -Wunused-local-typedefs -DCOMPILER_SUPPORT_Wpointerarith -Werror    -rdynamic CMakeFiles/cmTC_21bd8.dir/src.cxx.o  -o cmTC_21bd8 
make[1]: Leaving directory '/home/william/Documents/Dev/digitclassifier/build/CMakeFiles/CMakeTmp'

Source file was:
int main() { return 0; }
Performing C++ SOURCE FILE Test COMPILER_SUPPORT_Wwritestrings succeeded with the following output:
Change Dir: /home/william/Documents/Dev/digitclassifier/build/CMakeFiles/CMakeTmp

Run Build Command:"/usr/bin/make" "cmTC_86f42/fast"
/usr/bin/make -f CMakeFiles/cmTC_86f42.dir/build.make CMakeFiles/cmTC_86f42.dir/build
make[1]: Entering directory '/home/william/Documents/Dev/digitclassifier/build/CMakeFiles/CMakeTmp'
Building CXX object CMakeFiles/cmTC_86f42.dir/src.cxx.o
/usr/bin/c++    -pedantic -Wall -Wextra -Wundef -Wcast-align -Wchar-subscripts -Wnon-virtual-dtor -Wunused-local-typedefs -Wpointer-arith -DCOMPILER_SUPPORT_Wwritestrings -Werror   -Wwrite-strings -o CMakeFiles/cmTC_86f42.dir/src.cxx.o -c /home/william/Documents/Dev/digitclassifier/build/CMakeFiles/CMakeTmp/src.cxx
Linking CXX executable cmTC_86f42
/usr/bin/cmake -E cmake_link_script CMakeFiles/cmTC_86f42.dir/link.txt --verbose=1
/usr/bin/c++   -pedantic -Wall -Wextra -Wundef -Wcast-align -Wchar-subscripts -Wnon-virtual-dtor -Wunused-local-typedefs -Wpointer-arith -DCOMPILER_SUPPORT_Wwritestrings -Werror    -rdynamic CMakeFiles/cmTC_86f42.dir/src.cxx.o  -o cmTC_86f42 
make[1]: Leaving directory '/home/william/Documents/Dev/digitclassifier/build/CMakeFiles/CMakeTmp'

Source file was:
int main() { return 0; }
Performing C++ SOURCE FILE Test COMPILER_SUPPORT_Wformatsecurity succeeded with the following output:
Change Dir: /home/william/Documents/Dev/digitclassifier/build/CMakeFiles/CMakeTmp

Run Build Command:"/usr/bin/make" "cmTC_6be01/fast"
/usr/bin/make -f CMakeFiles/cmTC_6be01.dir/build.make CMakeFiles/cmTC_6be01.dir/build
make[1]: Entering directory '/home/william/Documents/Dev/digitclassifier/build/CMakeFiles/CMakeTmp'
Building CXX object CMakeFiles/cmTC_6be01.dir/src.cxx.o
/usr/bin/c++    -pedantic -Wall -Wextra -Wundef -Wcast-align -Wchar-subscripts -Wnon-virtual-dtor -Wunused-local-typedefs -Wpointer-arith -Wwrite-strings -DCOMPILER_SUPPORT_Wformatsecurity -Werror   -Wformat-security -o CMakeFiles/cmTC_6be01.dir/src.cxx.o -c /home/william/Documents/Dev/digitclassifier/build/CMakeFiles/CMakeTmp/src.cxx
Linking CXX executable cmTC_6be01
/usr/bin/cmake -E cmake_link_script CMakeFiles/cmTC_6be01.dir/link.txt --verbose=1
/usr/bin/c++   -pedantic -Wall -Wextra -Wundef -Wcast-align -Wchar-subscripts -Wnon-virtual-dtor -Wunused-local-typedefs -Wpointer-arith -Wwrite-strings -DCOMPILER_SUPPORT_Wformatsecurity -Werror    -rdynamic CMakeFiles/cmTC_6be01.dir/src.cxx.o  -o cmTC_6be01 
make[1]: Leaving directory '/home/william/Documents/Dev/digitclassifier/build/CMakeFiles/CMakeTmp'

Source file was:
int main() { return 0; }
Performing C++ SOURCE FILE Test COMPILER_SUPPORT_Wlogicalop succeeded with the following output:
Change Dir: /home/william/Documents/Dev/digitclassifier/build/CMakeFiles/CMakeTmp

Run Build Command:"/usr/bin/make" "cmTC_39056/fast"
/usr/bin/make -f CMakeFiles/cmTC_39056.dir/build.make CMakeFiles/cmTC_39056.dir/build
make[1]: Entering directory '/home/william/Documents/Dev/digitclassifier/build/CMakeFiles/CMakeTmp'
Building CXX object CMakeFiles/cmTC_39056.dir/src.cxx.o
/usr/bin/c++    -pedantic -Wall -Wextra -Wundef -Wcast-align -Wchar-subscripts -Wnon-virtual-dtor -Wunused-local-typedefs -Wpointer-arith -Wwrite-strings -Wformat-security -DCOMPILER_SUPPORT_Wlogicalop -Werror   -Wlogical-op -o CMakeFiles/cmTC_39056.dir/src.cxx.o -c /home/william/Documents/Dev/digitclassifier/build/CMakeFiles/CMakeTmp/src.cxx
Linking CXX executable cmTC_39056
/usr/bin/cmake -E cmake_link_script CMakeFiles/cmTC_39056.dir/link.txt --verbose=1
/usr/bin/c++   -pedantic -Wall -Wextra -Wundef -Wcast-align -Wchar-subscripts -Wnon-virtual-dtor -Wunused-local-typedefs -Wpointer-arith -Wwrite-strings -Wformat-security -DCOMPILER_SUPPORT_Wlogicalop -Werror    -rdynamic CMakeFiles/cmTC_39056.dir/src.cxx.o  -o cmTC_39056 
make[1]: Leaving directory '/home/william/Documents/Dev/digitclassifier/build/CMakeFiles/CMakeTmp'

Source file was:
int main() { return 0; }
Performing C++ SOURCE FILE Test COMPILER_SUPPORT_Wdoublepromotion succeeded with the following output:
Change Dir: /home/william/Documents/Dev/digitclassifier/build/CMakeFiles/CMakeTmp

Run Build Command:"/usr/bin/make" "cmTC_21149/fast"
/usr/bin/make -f CMakeFiles/cmTC_21149.dir/build.make CMakeFiles/cmTC_21149.dir/build
make[1]: Entering directory '/home/william/Documents/Dev/digitclassifier/build/CMakeFiles/CMakeTmp'
Building CXX object CMakeFiles/cmTC_21149.dir/src.cxx.o
/usr/bin/c++    -pedantic -Wall -Wextra -Wundef -Wcast-align -Wchar-subscripts -Wnon-virtual-dtor -Wunused-local-typedefs -Wpointer-arith -Wwrite-strings -Wformat-security -Wlogical-op -DCOMPILER_SUPPORT_Wdoublepromotion -Werror   -Wdouble-promotion -o CMakeFiles/cmTC_21149.dir/src.cxx.o -c /home/william/Documents/Dev/digitclassifier/build/CMakeFiles/CMakeTmp/src.cxx
Linking CXX executable cmTC_21149
/usr/bin/cmake -E cmake_link_script CMakeFiles/cmTC_21149.dir/link.txt --verbose=1
/usr/bin/c++   -pedantic -Wall -Wextra -Wundef -Wcast-align -Wchar-subscripts -Wnon-virtual-dtor -Wunused-local-typedefs -Wpointer-arith -Wwrite-strings -Wformat-security -Wlogical-op -DCOMPILER_SUPPORT_Wdoublepromotion -Werror    -rdynamic CMakeFiles/cmTC_21149.dir/src.cxx.o  -o cmTC_21149 
make[1]: Leaving directory '/home/william/Documents/Dev/digitclassifier/build/CMakeFiles/CMakeTmp'

Source file was:
int main() { return 0; }
Performing C++ SOURCE FILE Test COMPILER_SUPPORT_Wnopsabi succeeded with the following output:
Change Dir: /home/william/Documents/Dev/digitclassifier/build/CMakeFiles/CMakeTmp

Run Build Command:"/usr/bin/make" "cmTC_88c95/fast"
/usr/bin/make -f CMakeFiles/cmTC_88c95.dir/build.make CMakeFiles/cmTC_88c95.dir/build
make[1]: Entering directory '/home/william/Documents/Dev/digitclassifier/build/CMakeFiles/CMakeTmp'
Building CXX object CMakeFiles/cmTC_88c95.dir/src.cxx.o
/usr/bin/c++    -pedantic -Wall -Wextra -Wundef -Wcast-align -Wchar-subscripts -Wnon-virtual-dtor -Wunused-local-typedefs -Wpointer-arith -Wwrite-strings -Wformat-security -Wlogical-op -Wdouble-promotion -DCOMPILER_SUPPORT_Wnopsabi -Werror   -Wno-psabi -o CMakeFiles/cmTC_88c95.dir/src.cxx.o -c /home/william/Documents/Dev/digitclassifier/build/CMakeFiles/CMakeTmp/src.cxx
Linking CXX executable cmTC_88c95
/usr/bin/cmake -E cmake_link_script CMakeFiles/cmTC_88c95.dir/link.txt --verbose=1
/usr/bin/c++   -pedantic -Wall -Wextra -Wundef -Wcast-align -Wchar-subscripts -Wnon-virtual-dtor -Wunused-local-typedefs -Wpointer-arith -Wwrite-strings -Wformat-security -Wlogical-op -Wdouble-promotion -DCOMPILER_SUPPORT_Wnopsabi -Werror    -rdynamic CMakeFiles/cmTC_88c95.dir/src.cxx.o  -o cmTC_88c95 
make[1]: Leaving directory '/home/william/Documents/Dev/digitclassifier/build/CMakeFiles/CMakeTmp'

Source file was:
int main() { return 0; }
Performing C++ SOURCE FILE Test COMPILER_SUPPORT_Wnovariadicmacros succeeded with the following output:
Change Dir: /home/william/Documents/Dev/digitclassifier/build/CMakeFiles/CMakeTmp

Run Build Command:"/usr/bin/make" "cmTC_ad7bf/fast"
/usr/bin/make -f CMakeFiles/cmTC_ad7bf.dir/build.make CMakeFiles/cmTC_ad7bf.dir/build
make[1]: Entering directory '/home/william/Documents/Dev/digitclassifier/build/CMakeFiles/CMakeTmp'
Building CXX object CMakeFiles/cmTC_ad7bf.dir/src.cxx.o
/usr/bin/c++    -pedantic -Wall -Wextra -Wundef -Wcast-align -Wchar-subscripts -Wnon-virtual-dtor -Wunused-local-typedefs -Wpointer-arith -Wwrite-strings -Wformat-security -Wlogical-op -Wdouble-promotion -Wno-psabi -DCOMPILER_SUPPORT_Wnovariadicmacros -Werror   -Wno-variadic-macros -o CMakeFiles/cmTC_ad7bf.dir/src.cxx.o -c /home/william/Documents/Dev/digitclassifier/build/CMakeFiles/CMakeTmp/src.cxx
Linking CXX executable cmTC_ad7bf
/usr/bin/cmake -E cmake_link_script CMakeFiles/cmTC_ad7bf.dir/link.txt --verbose=1
/usr/bin/c++   -pedantic -Wall -Wextra -Wundef -Wcast-align -Wchar-subscripts -Wnon-virtual-dtor -Wunused-local-typedefs -Wpointer-arith -Wwrite-strings -Wformat-security -Wlogical-op -Wdouble-promotion -Wno-psabi -DCOMPILER_SUPPORT_Wnovariadicmacros -Werror    -rdynamic CMakeFiles/cmTC_ad7bf.dir/src.cxx.o  -o cmTC_ad7bf 
make[1]: Leaving directory '/home/william/Documents/Dev/digitclassifier/build/CMakeFiles/CMakeTmp'

Source file was:
int main() { return 0; }
Performing C++ SOURCE FILE Test COMPILER_SUPPORT_Wnolonglong succeeded with the following output:
Change Dir: /home/william/Documents/Dev/digitclassifier/build/CMakeFiles/CMakeTmp

Run Build Command:"/usr/bin/make" "cmTC_c6c68/fast"
/usr/bin/make -f CMakeFiles/cmTC_c6c68.dir/build.make CMakeFiles/cmTC_c6c68.dir/build
make[1]: Entering directory '/home/william/Documents/Dev/digitclassifier/build/CMakeFiles/CMakeTmp'
Building CXX object CMakeFiles/cmTC_c6c68.dir/src.cxx.o
/usr/bin/c++    -pedantic -Wall -Wextra -Wundef -Wcast-align -Wchar-subscripts -Wnon-virtual-dtor -Wunused-local-typedefs -Wpointer-arith -Wwrite-strings -Wformat-security -Wlogical-op -Wdouble-promotion -Wno-psabi -Wno-variadic-macros -DCOMPILER_SUPPORT_Wnolonglong -Werror   -Wno-long-long -o CMakeFiles/cmTC_c6c68.dir/src.cxx.o -c /home/william/Documents/Dev/digitclassifier/build/CMakeFiles/CMakeTmp/src.cxx
Linking CXX executable cmTC_c6c68
/usr/bin/cmake -E cmake_link_script CMakeFiles/cmTC_c6c68.dir/link.txt --verbose=1
/usr/bin/c++   -pedantic -Wall -Wextra -Wundef -Wcast-align -Wchar-subscripts -Wnon-virtual-dtor -Wunused-local-typedefs -Wpointer-arith -Wwrite-strings -Wformat-security -Wlogical-op -Wdouble-promotion -Wno-psabi -Wno-variadic-macros -DCOMPILER_SUPPORT_Wnolonglong -Werror    -rdynamic CMakeFiles/cmTC_c6c68.dir/src.cxx.o  -o cmTC_c6c68 
make[1]: Leaving directory '/home/william/Documents/Dev/digitclassifier/build/CMakeFiles/CMakeTmp'

Source file was:
int main() { return 0; }
Performing C++ SOURCE FILE Test COMPILER_SUPPORT_fnochecknew succeeded with the following output:
Change Dir: /home/william/Documents/Dev/digitclassifier/build/CMakeFiles/CMakeTmp

Run Build Command:"/usr/bin/make" "cmTC_8a917/fast"
/usr/bin/make -f CMakeFiles/cmTC_8a917.dir/build.make CMakeFiles/cmTC_8a917.dir/build
make[1]: Entering directory '/home/william/Documents/Dev/digitclassifier/build/CMakeFiles/CMakeTmp'
Building CXX object CMakeFiles/cmTC_8a917.dir/src.cxx.o
/usr/bin/c++    -pedantic -Wall -Wextra -Wundef -Wcast-align -Wchar-subscripts -Wnon-virtual-dtor -Wunused-local-typedefs -Wpointer-arith -Wwrite-strings -Wformat-security -Wlogical-op -Wdouble-promotion -Wno-psabi -Wno-variadic-macros -Wno-long-long -DCOMPILER_SUPPORT_fnochecknew -Werror   -fno-check-new -o CMakeFiles/cmTC_8a917.dir/src.cxx.o -c /home/william/Documents/Dev/digitclassifier/build/CMakeFiles/CMakeTmp/src.cxx
Linking CXX executable cmTC_8a917
/usr/bin/cmake -E cmake_link_script CMakeFiles/cmTC_8a917.dir/link.txt --verbose=1
/usr/bin/c++   -pedantic -Wall -Wextra -Wundef -Wcast-align -Wchar-subscripts -Wnon-virtual-dtor -Wunused-local-typedefs -Wpointer-arith -Wwrite-strings -Wformat-security -Wlogical-op -Wdouble-promotion -Wno-psabi -Wno-variadic-macros -Wno-long-long -DCOMPILER_SUPPORT_fnochecknew -Werror    -rdynamic CMakeFiles/cmTC_8a917.dir/src.cxx.o  -o cmTC_8a917 
make[1]: Leaving directory '/home/william/Documents/Dev/digitclassifier/build/CMakeFiles/CMakeTmp'

Source file was:
int main() { return 0; }
Performing C++ SOURCE FILE Test COMPILER_SUPPORT_fnocommon succeeded with the following output:
Change Dir: /home/william/Documents/Dev/digitclassifier/build/CMakeFiles/CMakeTmp

Run Build Command:"/usr/bin/make" "cmTC_cfe9b/fast"
/usr/bin/make -f CMakeFiles/cmTC_cfe9b.dir/build.make CMakeFiles/cmTC_cfe9b.dir/build
make[1]: Entering directory '/home/william/Documents/Dev/digitclassifier/build/CMakeFiles/CMakeTmp'
Building CXX object CMakeFiles/cmTC_cfe9b.dir/src.cxx.o
/usr/bin/c++    -pedantic -Wall -Wextra -Wundef -Wcast-align -Wchar-subscripts -Wnon-virtual-dtor -Wunused-local-typedefs -Wpointer-arith -Wwrite-strings -Wformat-security -Wlogical-op -Wdouble-promotion -Wno-psabi -Wno-variadic-macros -Wno-long-long -fno-check-new -DCOMPILER_SUPPORT_fnocommon -Werror   -fno-common -o CMakeFiles/cmTC_cfe9b.dir/src.cxx.o -c /home/william/Documents/Dev/digitclassifier/build/CMakeFiles/CMakeTmp/src.cxx
Linking CXX executable cmTC_cfe9b
/usr/bin/cmake -E cmake_link_script CMakeFiles/cmTC_cfe9b.dir/link.txt --verbose=1
/usr/bin/c++   -pedantic -Wall -Wextra -Wundef -Wcast-align -Wchar-subscripts -Wnon-virtual-dtor -Wunused-local-typedefs -Wpointer-arith -Wwrite-strings -Wformat-security -Wlogical-op -Wdouble-promotion -Wno-psabi -Wno-variadic-macros -Wno-long-long -fno-check-new -DCOMPILER_SUPPORT_fnocommon -Werror    -rdynamic CMakeFiles/cmTC_cfe9b.dir/src.cxx.o  -o cmTC_cfe9b 
make[1]: Leaving directory '/home/william/Documents/Dev/digitclassifier/build/CMakeFiles/CMakeTmp'

Source file was:
int main() { return 0; }
Performing C++ SOURCE FILE Test COMPILER_SUPPORT_fstrictaliasing succeeded with the following output:
Change Dir: /home/william/Documents/Dev/digitclassifier/build/CMakeFiles/CMakeTmp

Run Build Command:"/usr/bin/make" "cmTC_cbef7/fast"
/usr/bin/make -f CMakeFiles/cmTC_cbef7.dir/build.make CMakeFiles/cmTC_cbef7.dir/build
make[1]: Entering directory '/home/william/Documents/Dev/digitclassifier/build/CMakeFiles/CMakeTmp'
Building CXX object CMakeFiles/cmTC_cbef7.dir/src.cxx.o
/usr/bin/c++    -pedantic -Wall -Wextra -Wundef -Wcast-align -Wchar-subscripts -Wnon-virtual-dtor -Wunused-local-typedefs -Wpointer-arith -Wwrite-strings -Wformat-security -Wlogical-op -Wdouble-promotion -Wno-psabi -Wno-variadic-macros -Wno-long-long -fno-check-new -fno-common -DCOMPILER_SUPPORT_fstrictaliasing -Werror   -fstrict-aliasing -o CMakeFiles/cmTC_cbef7.dir/src.cxx.o -c /home/william/Documents/Dev/digitclassifier/build/CMakeFiles/CMakeTmp/src.cxx
Linking CXX executable cmTC_cbef7
/usr/bin/cmake -E cmake_link_script CMakeFiles/cmTC_cbef7.dir/link.txt --verbose=1
/usr/bin/c++   -pedantic -Wall -Wextra -Wundef -Wcast-align -Wchar-subscripts -Wnon-virtual-dtor -Wunused-local-typedefs -Wpointer-arith -Wwrite-strings -Wformat-security -Wlogical-op -Wdouble-promotion -Wno-psabi -Wno-variadic-macros -Wno-long-long -fno-check-new -fno-common -DCOMPILER_SUPPORT_fstrictaliasing -Werror    -rdynamic CMakeFiles/cmTC_cbef7.dir/src.cxx.o  -o cmTC_cbef7 
make[1]: Leaving directory '/home/william/Documents/Dev/digitclassifier/build/CMakeFiles/CMakeTmp'

Source file was:
int main() { return 0; }
Performing C++ SOURCE FILE Test COMPILER_SUPPORT_ansi succeeded with the following output:
Change Dir: /home/william/Documents/Dev/digitclassifier/build/CMakeFiles/CMakeTmp

Run Build Command:"/usr/bin/make" "cmTC_bf138/fast"
/usr/bin/make -f CMakeFiles/cmTC_bf138.dir/build.make CMakeFiles/cmTC_bf138.dir/build
make[1]: Entering directory '/home/william/Documents/Dev/digitclassifier/build/CMakeFiles/CMakeTmp'
Building CXX object CMakeFiles/cmTC_bf138.dir/src.cxx.o
/usr/bin/c++    -pedantic -Wall -Wextra -Wundef -Wcast-align -Wchar-subscripts -Wnon-virtual-dtor -Wunused-local-typedefs -Wpointer-arith -Wwrite-strings -Wformat-security -Wlogical-op -Wdouble-promotion -Wno-psabi -Wno-variadic-macros -Wno-long-long -fno-check-new -fno-common -fstrict-aliasing -DCOMPILER_SUPPORT_ansi -Werror   -ansi -o CMakeFiles/cmTC_bf138.dir/src.cxx.o -c /home/william/Documents/Dev/digitclassifier/build/CMakeFiles/CMakeTmp/src.cxx
Linking CXX executable cmTC_bf138
/usr/bin/cmake -E cmake_link_script CMakeFiles/cmTC_bf138.dir/link.txt --verbose=1
/usr/bin/c++   -pedantic -Wall -Wextra -Wundef -Wcast-align -Wchar-subscripts -Wnon-virtual-dtor -Wunused-local-typedefs -Wpointer-arith -Wwrite-strings -Wformat-security -Wlogical-op -Wdouble-promotion -Wno-psabi -Wno-variadic-macros -Wno-long-long -fno-check-new -fno-common -fstrict-aliasing -DCOMPILER_SUPPORT_ansi -Werror    -rdynamic CMakeFiles/cmTC_bf138.dir/src.cxx.o  -o cmTC_bf138 
make[1]: Leaving directory '/home/william/Documents/Dev/digitclassifier/build/CMakeFiles/CMakeTmp'

Source file was:
int main() { return 0; }
Performing C++ SOURCE FILE Test COMPILER_SUPPORT_OPENMP succeeded with the following output:
Change Dir: /home/william/Documents/Dev/digitclassifier/build/CMakeFiles/CMakeTmp

Run Build Command:"/usr/bin/make" "cmTC_7aa36/fast"
/usr/bin/make -f CMakeFiles/cmTC_7aa36.dir/build.make CMakeFiles/cmTC_7aa36.dir/build
make[1]: Entering directory '/home/william/Documents/Dev/digitclassifier/build/CMakeFiles/CMakeTmp'
Building CXX object CMakeFiles/cmTC_7aa36.dir/src.cxx.o
/usr/bin/c++    -pedantic -Wall -Wextra -Wundef -Wcast-align -Wchar-subscripts -Wnon-virtual-dtor -Wunused-local-typedefs -Wpointer-arith -Wwrite-strings -Wformat-security -Wlogical-op -Wdouble-promotion -Wno-psabi -Wno-variadic-macros -Wno-long-long -fno-check-new -fno-common -fstrict-aliasing -ansi -DCOMPILER_SUPPORT_OPENMP   -fopenmp -o CMakeFiles/cmTC_7aa36.dir/src.cxx.o -c /home/william/Documents/Dev/digitclassifier/build/CMakeFiles/CMakeTmp/src.cxx
Linking CXX executable cmTC_7aa36
/usr/bin/cmake -E cmake_link_script CMakeFiles/cmTC_7aa36.dir/link.txt --verbose=1
/usr/bin/c++   -pedantic -Wall -Wextra -Wundef -Wcast-align -Wchar-subscripts -Wnon-virtual-dtor -Wunused-local-typedefs -Wpointer-arith -Wwrite-strings -Wformat-security -Wlogical-op -Wdouble-promotion -Wno-psabi -Wno-variadic-macros -Wno-long-long -fno-check-new -fno-common -fstrict-aliasing -ansi -DCOMPILER_SUPPORT_OPENMP    -rdynamic CMakeFiles/cmTC_7aa36.dir/src.cxx.o  -o cmTC_7aa36 
make[1]: Leaving directory '/home/william/Documents/Dev/digitclassifier/build/CMakeFiles/CMakeTmp'

Source file was:
int main() { return 0; }
Performing C++ SOURCE FILE Test EIGEN_COMPILER_SUPPORT_CPP11 succeeded with the following output:
Change Dir: /home/william/Documents/Dev/digitclassifier/build/CMakeFiles/CMakeTmp

Run Build Command:"/usr/bin/make" "cmTC_985c4/fast"
/usr/bin/make -f CMakeFiles/cmTC_985c4.dir/build.make CMakeFiles/cmTC_985c4.dir/build
make[1]: Entering directory '/home/william/Documents/Dev/digitclassifier/build/CMakeFiles/CMakeTmp'
Building CXX object CMakeFiles/cmTC_985c4.dir/src.cxx.o
/usr/bin/c++    -pedantic -Wall -Wextra -Wundef -Wcast-align -Wchar-subscripts -Wnon-virtual-dtor -Wunused-local-typedefs -Wpointer-arith -Wwrite-strings -Wformat-security -Wlogical-op -Wdouble-promotion -Wno-psabi -Wno-variadic-macros -Wno-long-long -fno-check-new -fno-common -fstrict-aliasing -ansi -O1 -g1 -DEIGEN_COMPILER_SUPPORT_CPP11   -std=c++11 -o CMakeFiles/cmTC_985c4.dir/src.cxx.o -c /home/william/Documents/Dev/digitclassifier/build/CMakeFiles/CMakeTmp/src.cxx
Linking CXX executable cmTC_985c4
/usr/bin/cmake -E cmake_link_script CMakeFiles/cmTC_985c4.dir/link.txt --verbose=1
/usr/bin/c++   -pedantic -Wall -Wextra -Wundef -Wcast-align -Wchar-subscripts -Wnon-virtual-dtor -Wunused-local-typedefs -Wpointer-arith -Wwrite-strings -Wformat-security -Wlogical-op -Wdouble-promotion -Wno-psabi -Wno-variadic-macros -Wno-long-long -fno-check-new -fno-common -fstrict-aliasing -ansi -O1 -g1 -DEIGEN_COMPILER_SUPPORT_CPP11    -rdynamic CMakeFiles/cmTC_985c4.dir/src.cxx.o  -o cmTC_985c4 
make[1]: Leaving directory '/home/william/Documents/Dev/digitclassifier/build/CMakeFiles/CMakeTmp'

Source file was:
int main() { return 0; }
Performing C++ SOURCE FILE Test EIGEN_COMPILER_SUPPORT_CXX11 succeeded with the following output:
Change Dir: /home/william/Documents/Dev/digitclassifier/build/CMakeFiles/CMakeTmp

Run Build Command:"/usr/bin/make" "cmTC_ea5f6/fast"
/usr/bin/make -f CMakeFiles/cmTC_ea5f6.dir/build.make CMakeFiles/cmTC_ea5f6.dir/build
make[1]: Entering directory '/home/william/Documents/Dev/digitclassifier/build/CMakeFiles/CMakeTmp'
Building CXX object CMakeFiles/cmTC_ea5f6.dir/src.cxx.o
/usr/bin/c++    -pedantic -Wall -Wextra -Wundef -Wcast-align -Wchar-subscripts -Wnon-virtual-dtor -Wunused-local-typedefs -Wpointer-arith -Wwrite-strings -Wformat-security -Wlogical-op -Wdouble-promotion -Wno-psabi -Wno-variadic-macros -Wno-long-long -fno-check-new -fno-common -fstrict-aliasing -ansi -DEIGEN_COMPILER_SUPPORT_CXX11   -std=c++11 -o CMakeFiles/cmTC_ea5f6.dir/src.cxx.o -c /home/william/Documents/Dev/digitclassifier/build/CMakeFiles/CMakeTmp/src.cxx
Linking CXX executable cmTC_ea5f6
/usr/bin/cmake -E cmake_link_script CMakeFiles/cmTC_ea5f6.dir/link.txt --verbose=1
/usr/bin/c++   -pedantic -Wall -Wextra -Wundef -Wcast-align -Wchar-subscripts -Wnon-virtual-dtor -Wunused-local-typedefs -Wpointer-arith -Wwrite-strings -Wformat-security -Wlogical-op -Wdouble-promotion -Wno-psabi -Wno-variadic-macros -Wno-long-long -fno-check-new -fno-common -fstrict-aliasing -ansi -DEIGEN_COMPILER_SUPPORT_CXX11    -rdynamic CMakeFiles/cmTC_ea5f6.dir/src.cxx.o  -o cmTC_ea5f6 
make[1]: Leaving directory '/home/william/Documents/Dev/digitclassifier/build/CMakeFiles/CMakeTmp'

Source file was:
int main() { return 0; }
Determining if the include file pthread.h exists passed with the following output:
Change Dir: /home/william/Documents/Dev/digitclassifier/build/CMakeFiles/CMakeTmp

Run Build Command:"/usr/bin/make" "cmTC_6ea2b/fast"
/usr/bin/make -f CMakeFiles/cmTC_6ea2b.dir/build.make CMakeFiles/cmTC_6ea2b.dir/build
make[1]: Entering directory '/home/william/Documents/Dev/digitclassifier/build/CMakeFiles/CMakeTmp'
Building C object CMakeFiles/cmTC_6ea2b.dir/CheckIncludeFile.c.o
/usr/bin/cc    -o CMakeFiles/cmTC_6ea2b.dir/CheckIncludeFile.c.o   -c /home/william/Documents/Dev/digitclassifier/build/CMakeFiles/CMakeTmp/CheckIncludeFile.c
Linking C executable cmTC_6ea2b
/usr/bin/cmake -E cmake_link_script CMakeFiles/cmTC_6ea2b.dir/link.txt --verbose=1
/usr/bin/cc      -rdynamic CMakeFiles/cmTC_6ea2b.dir/CheckIncludeFile.c.o  -o cmTC_6ea2b 
make[1]: Leaving directory '/home/william/Documents/Dev/digitclassifier/build/CMakeFiles/CMakeTmp'


Determining if the function pthread_create exists in the pthread passed with the following output:
Change Dir: /home/william/Documents/Dev/digitclassifier/build/CMakeFiles/CMakeTmp

Run Build Command:"/usr/bin/make" "cmTC_c498d/fast"
/usr/bin/make -f CMakeFiles/cmTC_c498d.dir/build.make CMakeFiles/cmTC_c498d.dir/build
make[1]: Entering directory '/home/william/Documents/Dev/digitclassifier/build/CMakeFiles/CMakeTmp'
Building C object CMakeFiles/cmTC_c498d.dir/CheckFunctionExists.c.o
/usr/bin/cc   -DCHECK_FUNCTION_EXISTS=pthread_create   -o CMakeFiles/cmTC_c498d.dir/CheckFunctionExists.c.o   -c /usr/share/cmake-3.11/Modules/CheckFunctionExists.c
Linking C executable cmTC_c498d
/usr/bin/cmake -E cmake_link_script CMakeFiles/cmTC_c498d.dir/link.txt --verbose=1
/usr/bin/cc  -DCHECK_FUNCTION_EXISTS=pthread_create    -rdynamic CMakeFiles/cmTC_c498d.dir/CheckFunctionExists.c.o  -o cmTC_c498d -lpthread 
make[1]: Leaving directory '/home/william/Documents/Dev/digitclassifier/build/CMakeFiles/CMakeTmp'


Performing C++ SOURCE FILE Test COMPILER_SUPPORT_FASTMATH succeeded with the following output:
Change Dir: /home/william/Documents/Dev/digitclassifier/build/CMakeFiles/CMakeTmp

Run Build Command:"/usr/bin/make" "cmTC_352ac/fast"
/usr/bin/make -f CMakeFiles/cmTC_352ac.dir/build.make CMakeFiles/cmTC_352ac.dir/build
make[1]: Entering directory '/home/william/Documents/Dev/digitclassifier/build/CMakeFiles/CMakeTmp'
Building CXX object CMakeFiles/cmTC_352ac.dir/src.cxx.o
/usr/bin/c++    -pedantic -Wall -Wextra -Wundef -Wcast-align -Wchar-subscripts -Wnon-virtual-dtor -Wunused-local-typedefs -Wpointer-arith -Wwrite-strings -Wformat-security -Wlogical-op -Wdouble-promotion -Wno-psabi -Wno-variadic-macros -Wno-long-long -fno-check-new -fno-common -fstrict-aliasing -ansi -DCOMPILER_SUPPORT_FASTMATH -fopenmp   -ffast-math -o CMakeFiles/cmTC_352ac.dir/src.cxx.o -c /home/william/Documents/Dev/digitclassifier/build/CMakeFiles/CMakeTmp/src.cxx
Linking CXX executable cmTC_352ac
/usr/bin/cmake -E cmake_link_script CMakeFiles/cmTC_352ac.dir/link.txt --verbose=1
/usr/bin/c++   -pedantic -Wall -Wextra -Wundef -Wcast-align -Wchar-subscripts -Wnon-virtual-dtor -Wunused-local-typedefs -Wpointer-arith -Wwrite-strings -Wformat-security -Wlogical-op -Wdouble-promotion -Wno-psabi -Wno-variadic-macros -Wno-long-long -fno-check-new -fno-common -fstrict-aliasing -ansi -DCOMPILER_SUPPORT_FASTMATH -fopenmp    -rdynamic CMakeFiles/cmTC_352ac.dir/src.cxx.o  -o cmTC_352ac 
make[1]: Leaving directory '/home/william/Documents/Dev/digitclassifier/build/CMakeFiles/CMakeTmp'

Source file was:
int main() { return 0; }
